#
# A fatal error has been detected by the Java Runtime Environment:
#
#  EXCEPTION_ACCESS_VIOLATION (0xc0000005) at pc=0x0000000062a7cb10, pid=14368, tid=4608
#
# JRE version: Java(TM) SE Runtime Environment (8.0_31-b13) (build 1.8.0_31-b13)
# Java VM: Java HotSpot(TM) 64-Bit Server VM (25.31-b07 mixed mode windows-amd64 compressed oops)
# Problematic frame:
# V  [jvm.dll+0xecb10]
#
# Failed to write core dump. Minidumps are not enabled by default on client versions of Windows
#
# If you would like to submit a bug report, please visit:
#   http://bugreport.java.com/bugreport/crash.jsp
#

---------------  T H R E A D  ---------------

Current thread (0x000000001b6b5800):  VMThread [stack: 0x000000001c120000,0x000000001c220000] [id=4608]

siginfo: ExceptionCode=0xc0000005, reading address 0x000000000000001b

Registers:
RAX=0x000000000000000b, RBX=0x0000000028433710, RCX=0x000000002860fe10, RDX=0x00000007c0eafda8
RSP=0x000000001c21f310, RBP=0x0000000000000001, RSI=0x0000000000000013, RDI=0x00000007c0eafda8
R8 =0x0000000027665db0, R9 =0x0000000000000013, R10=0x000000002a117950, R11=0x000000001c21f398
R12=0x0000000027665d10, R13=0x0000000028433710, R14=0x00000000284336e0, R15=0x0000000027665db0
RIP=0x0000000062a7cb10, EFLAGS=0x0000000000010202

Top of Stack: (sp=0x000000001c21f310)
0x000000001c21f310:   0000000024e9a5b0 000000001c21f370
0x000000001c21f320:   0000000000000000 0000000062a6d11b
0x000000001c21f330:   0000000028433448 0000000062a7cd87
0x000000001c21f340:   00000007c0c6e028 0000000000000000
0x000000001c21f350:   0000000000000016 0000000062a9128b
0x000000001c21f360:   00000007c0eafda8 000000001c21f510
0x000000001c21f370:   000000001c71f480 0000000028433448
0x000000001c21f380:   000000001b6b5800 000000001c21f510
0x000000001c21f390:   000000001b6b5800 0000000062b452dd
0x000000001c21f3a0:   00000007c0c6e028 0000000027665d10
0x000000001c21f3b0:   000000001b6b5800 000000000482d340
0x000000001c21f3c0:   000000001c21f478 000000002a10f8b0
0x000000001c21f3d0:   000000001b6b5800 0000000000000000
0x000000001c21f3e0:   0000000700000000 0000000000000000
0x000000001c21f3f0:   0000000028327028 000000001b6b5800
0x000000001c21f400:   000000001b6b5800 00000000047ef680 

Instructions: (pc=0x0000000062a7cb10)
0x0000000062a7caf0:   41 18 48 c1 e8 14 a8 01 74 06 48 8b 59 10 eb 1b
0x0000000062a7cb00:   48 8b 41 08 48 85 c0 74 44 48 8b 49 08 48 8b 01
0x0000000062a7cb10:   ff 50 10 84 c0 74 36 48 8b 5b 08 48 85 db 74 2d
0x0000000062a7cb20:   48 8b 03 48 8b cb ff 50 10 84 c0 74 20 48 85 ff 


Register to memory mapping:

RAX=0x000000000000000b is an unknown value
RBX=0x0000000028433710 is pointing into metadata
RCX=0x000000002860fe10 is pointing into metadata
RDX=0x00000007c0eafda8 is pointing into metadata
RSP=0x000000001c21f310 is an unknown value
RBP=0x0000000000000001 is an unknown value
RSI=0x0000000000000013 is an unknown value
RDI=0x00000007c0eafda8 is pointing into metadata
R8 =0x0000000027665db0 is an unknown value
R9 =0x0000000000000013 is an unknown value
R10=0x000000002a117950 is pointing into metadata
R11=0x000000001c21f398 is an unknown value
R12=0x0000000027665d10 is an unknown value
R13=0x0000000028433710 is pointing into metadata
R14=0x00000000284336e0 is pointing into metadata
R15=0x0000000027665db0 is an unknown value


Stack: [0x000000001c120000,0x000000001c220000],  sp=0x000000001c21f310,  free space=1020k
Native frames: (J=compiled Java code, j=interpreted, Vv=VM code, C=native code)
V  [jvm.dll+0xecb10]
V  [jvm.dll+0xecd87]
V  [jvm.dll+0x1b52dd]
V  [jvm.dll+0x5806b]
V  [jvm.dll+0x1b886d]
V  [jvm.dll+0x1b8afb]
V  [jvm.dll+0x232997]
V  [jvm.dll+0x231bd6]
V  [jvm.dll+0x232071]
V  [jvm.dll+0x23228e]
V  [jvm.dll+0x28576a]
C  [msvcr100.dll+0x21d9f]
C  [msvcr100.dll+0x21e3b]
C  [KERNEL32.DLL+0x11fe4]
C  [ntdll.dll+0x6ef91]

VM_Operation (0x000000001c71f480): RedefineClasses, mode: safepoint, requested by thread 0x000000001b769000


---------------  P R O C E S S  ---------------

Java Threads: ( => current thread )
  0x0000000021104800 JavaThread "http-nio-0.0.0.0-80-exec-9" daemon [_thread_blocked, id=18680, stack(0x000000005d860000,0x000000005d960000)]
  0x0000000021101800 JavaThread "http-nio-0.0.0.0-80-exec-8" daemon [_thread_blocked, id=9208, stack(0x000000005d760000,0x000000005d860000)]
  0x0000000021103800 JavaThread "http-nio-0.0.0.0-80-exec-7" daemon [_thread_blocked, id=18492, stack(0x000000005d660000,0x000000005d760000)]
  0x0000000024501800 JavaThread "http-nio-0.0.0.0-80-exec-4" daemon [_thread_blocked, id=9436, stack(0x000000005d360000,0x000000005d460000)]
  0x0000000024503000 JavaThread "http-nio-0.0.0.0-80-exec-1" daemon [_thread_blocked, id=14524, stack(0x000000005d060000,0x000000005d160000)]
  0x00000000244f9000 JavaThread "http-nio-0.0.0.0-80-AsyncTimeout" daemon [_thread_blocked, id=19288, stack(0x000000005cd60000,0x000000005ce60000)]
  0x00000000244fa000 JavaThread "http-nio-0.0.0.0-80-Acceptor-0" daemon [_thread_in_native, id=9672, stack(0x000000005cc60000,0x000000005cd60000)]
  0x0000000024500000 JavaThread "http-nio-0.0.0.0-80-ClientPoller-1" daemon [_thread_blocked, id=18464, stack(0x000000005cb60000,0x000000005cc60000)]
  0x00000000244ff000 JavaThread "http-nio-0.0.0.0-80-ClientPoller-0" daemon [_thread_blocked, id=15560, stack(0x000000005ca60000,0x000000005cb60000)]
  0x00000000244f7800 JavaThread "NioBlockingSelector.BlockPoller-20" daemon [_thread_blocked, id=12864, stack(0x000000005c960000,0x000000005ca60000)]
  0x00000000244fe800 JavaThread "File Watcher" daemon [_thread_blocked, id=13180, stack(0x000000005c860000,0x000000005c960000)]
  0x00000000244f8800 JavaThread "schedulerFactoryBean_QuartzSchedulerThread" [_thread_blocked, id=884, stack(0x000000005c760000,0x000000005c860000)]
  0x00000000244f7000 JavaThread "schedulerFactoryBean_Worker-10" [_thread_blocked, id=7448, stack(0x000000005c660000,0x000000005c760000)]
  0x00000000244fd800 JavaThread "schedulerFactoryBean_Worker-9" [_thread_blocked, id=18956, stack(0x000000005c560000,0x000000005c660000)]
  0x00000000244fd000 JavaThread "schedulerFactoryBean_Worker-8" [_thread_blocked, id=14072, stack(0x000000005c460000,0x000000005c560000)]
  0x00000000244f5800 JavaThread "schedulerFactoryBean_Worker-7" [_thread_blocked, id=18304, stack(0x000000005c360000,0x000000005c460000)]
  0x00000000244fa800 JavaThread "schedulerFactoryBean_Worker-6" [_thread_blocked, id=18732, stack(0x000000005c260000,0x000000005c360000)]
  0x00000000244f6000 JavaThread "schedulerFactoryBean_Worker-5" [_thread_blocked, id=16004, stack(0x000000005c160000,0x000000005c260000)]
  0x0000000021108000 JavaThread "schedulerFactoryBean_Worker-4" [_thread_blocked, id=16996, stack(0x000000005c060000,0x000000005c160000)]
  0x0000000021109000 JavaThread "schedulerFactoryBean_Worker-3" [_thread_blocked, id=7932, stack(0x000000005bf60000,0x000000005c060000)]
  0x000000002110d800 JavaThread "schedulerFactoryBean_Worker-2" [_thread_blocked, id=6360, stack(0x000000005be60000,0x000000005bf60000)]
  0x000000002110c000 JavaThread "schedulerFactoryBean_Worker-1" [_thread_blocked, id=16168, stack(0x000000005bd60000,0x000000005be60000)]
  0x000000002110c800 JavaThread "container-0" [_thread_blocked, id=16068, stack(0x000000005bc60000,0x000000005bd60000)]
  0x0000000021109800 JavaThread "ContainerBackgroundProcessor[StandardEngine[Tomcat]]" daemon [_thread_blocked, id=18724, stack(0x000000005bb60000,0x000000005bc60000)]
  0x0000000021100800 JavaThread "Hibernate Search sync consumer thread for index net.liuxuan.SprKi.entity.CMSContent" daemon [_thread_blocked, id=18232, stack(0x000000005ba60000,0x000000005bb60000)]
  0x00000000210ff000 JavaThread "Druid-ConnectionPool-Destroy-1277170014" daemon [_thread_blocked, id=16960, stack(0x000000005b960000,0x000000005ba60000)]
  0x0000000021106000 JavaThread "Druid-ConnectionPool-Create-1277170014" daemon [_thread_blocked, id=19072, stack(0x000000005b860000,0x000000005b960000)]
  0x0000000021103000 JavaThread "Statistics Thread-__DEFAULT__-1" daemon [_thread_blocked, id=13716, stack(0x000000005b460000,0x000000005b560000)]
  0x0000000021102000 JavaThread "__DEFAULT__" daemon [_thread_blocked, id=17688, stack(0x000000005b360000,0x000000005b460000)]
  0x00000000244fc000 JavaThread "Java2D Disposer" daemon [_thread_blocked, id=14152, stack(0x0000000026a60000,0x0000000026b60000)]
  0x000000002110a800 JavaThread "DestroyJavaVM" [_thread_blocked, id=10176, stack(0x00000000044a0000,0x00000000045a0000)]
  0x000000002110b000 JavaThread "Live Reload Server" daemon [_thread_in_native, id=12468, stack(0x0000000025660000,0x0000000025760000)]
  0x00000000208af800 JavaThread "Abandoned connection cleanup thread" daemon [_thread_blocked, id=14872, stack(0x0000000021b90000,0x0000000021c90000)]
  0x000000001c972800 JavaThread "Service Thread" daemon [_thread_blocked, id=8352, stack(0x000000001cf20000,0x000000001d020000)]
  0x000000001c96b800 JavaThread "C1 CompilerThread1" daemon [_thread_blocked, id=6788, stack(0x000000001ce20000,0x000000001cf20000)]
  0x000000001b77b800 JavaThread "C2 CompilerThread0" daemon [_thread_blocked, id=13732, stack(0x000000001cd20000,0x000000001ce20000)]
  0x000000001b770000 JavaThread "JDWP Command Reader" daemon [_thread_in_native, id=14988, stack(0x000000001c820000,0x000000001c920000)]
  0x000000001b76d800 JavaThread "JDWP Event Helper Thread" daemon [_thread_blocked, id=3424, stack(0x000000001c720000,0x000000001c820000)]
  0x000000001b769000 JavaThread "JDWP Transport Listener: dt_socket" daemon [_thread_blocked, id=14388, stack(0x000000001c620000,0x000000001c720000)]
  0x000000001b754000 JavaThread "Attach Listener" daemon [_thread_blocked, id=12436, stack(0x000000001c520000,0x000000001c620000)]
  0x000000001b751800 JavaThread "Signal Dispatcher" daemon [_thread_blocked, id=12532, stack(0x000000001c420000,0x000000001c520000)]
  0x0000000004834000 JavaThread "Finalizer" daemon [_thread_blocked, id=12088, stack(0x000000001c320000,0x000000001c420000)]
  0x0000000004831800 JavaThread "Reference Handler" daemon [_thread_blocked, id=7288, stack(0x000000001c220000,0x000000001c320000)]

Other Threads:
=>0x000000001b6b5800 VMThread [stack: 0x000000001c120000,0x000000001c220000] [id=4608]
  0x000000001c974000 WatcherThread [stack: 0x000000001d020000,0x000000001d120000] [id=12560]

VM state:at safepoint (normal execution)

VM Mutex/Monitor currently owned by a thread:  ([mutex/lock_event])
[0x0000000004745b90] Threads_lock - owner thread: 0x000000001b6b5800

Heap:
 PSYoungGen      total 131584K, used 46860K [0x0000000780500000, 0x000000078b880000, 0x00000007c0000000)
  eden space 85504K, 19% used [0x0000000780500000,0x00000007815af2a0,0x0000000785880000)
  from space 46080K, 64% used [0x0000000785880000,0x0000000787593fd8,0x0000000788580000)
  to   space 47616K, 0% used [0x0000000788a00000,0x0000000788a00000,0x000000078b880000)
 ParOldGen       total 520704K, used 386461K [0x0000000700e00000, 0x0000000720a80000, 0x0000000780500000)
  object space 520704K, 74% used [0x0000000700e00000,0x00000007187677e0,0x0000000720a80000)
 Metaspace       used 147383K, capacity 151710K, committed 152960K, reserved 1185792K
  class space    used 14783K, capacity 15722K, committed 16000K, reserved 1048576K

Card table byte_map: [0x0000000013c00000,0x0000000014200000] byte_map_base: 0x00000000103f9000

Marking Bits: (ParMarkBitMap*) 0x000000006316d4f0
 Begin Bits: [0x0000000014800000, 0x00000000177c8000)
 End Bits:   [0x00000000177c8000, 0x000000001a790000)

Polling page: 0x0000000002520000

CodeCache: size=245760Kb used=43666Kb max_used=43666Kb free=202093Kb
 bounds [0x0000000004840000, 0x00000000072f0000, 0x0000000013840000]
 total_blobs=21340 nmethods=20334 adapters=924
 compilation: enabled

Compilation events (10 events):
Event: 169638.749 Thread 0x000000001c96b800 20836       1       com.alibaba.druid.support.http.stat.WebURIStat::histogramRecord (150 bytes)
Event: 169638.750 Thread 0x000000001c96b800 nmethod 20836 0x00000000072ea210 code [0x00000000072ea3e0, 0x00000000072ea7d8]
Event: 169638.752 Thread 0x000000001c96b800 20827       1       org.springframework.security.web.servletapi.HttpServlet3RequestFactory::create (15 bytes)
Event: 169638.752 Thread 0x000000001c96b800 nmethod 20827 0x00000000072eaa50 code [0x00000000072eabe0, 0x00000000072eaf58]
Event: 169638.755 Thread 0x000000001c96b800 20828       1       org.springframework.security.web.servletapi.HttpServlet3RequestFactory$Servlet3SecurityContextHolderAwareRequestWrapper::<init> (22 bytes)
Event: 169638.755 Thread 0x000000001c96b800 nmethod 20828 0x00000000072eb290 code [0x00000000072eb420, 0x00000000072eb738]
Event: 169638.758 Thread 0x000000001c96b800 20829       1       org.springframework.security.web.servletapi.SecurityContextHolderAwareRequestWrapper::<init> (22 bytes)
Event: 169638.758 Thread 0x000000001c96b800 nmethod 20829 0x00000000072eba10 code [0x00000000072ebba0, 0x00000000072ebe58]
Event: 169638.761 Thread 0x000000001c96b800 20830   !   1       org.springframework.security.web.authentication.rememberme.RememberMeAuthenticationFilter::doFilter (338 bytes)
Event: 169638.763 Thread 0x000000001c96b800 nmethod 20830 0x00000000072ec050 code [0x00000000072ec4a0, 0x00000000072edf38]

GC Heap History (10 events):
Event: 169550.821 GC heap before
{Heap before GC invocations=4038 (full 25):
 PSYoungGen      total 112640K, used 105231K [0x0000000780500000, 0x0000000789b80000, 0x00000007c0000000)
  eden space 78848K, 100% used [0x0000000780500000,0x0000000785200000,0x0000000785200000)
  from space 33792K, 78% used [0x0000000787580000,0x0000000788f43fa8,0x0000000789680000)
  to   space 36352K, 0% used [0x0000000785200000,0x0000000785200000,0x0000000787580000)
 ParOldGen       total 520704K, used 380625K [0x0000000700e00000, 0x0000000720a80000, 0x0000000780500000)
  object space 520704K, 73% used [0x0000000700e00000,0x00000007181b4720,0x0000000720a80000)
 Metaspace       used 146977K, capacity 150868K, committed 152576K, reserved 1185792K
  class space    used 14683K, capacity 15544K, committed 15872K, reserved 1048576K
Event: 169550.862 GC heap after
Heap after GC invocations=4038 (full 25):
 PSYoungGen      total 115200K, used 26895K [0x0000000780500000, 0x000000078a400000, 0x00000007c0000000)
  eden space 78848K, 0% used [0x0000000780500000,0x0000000780500000,0x0000000785200000)
  from space 36352K, 73% used [0x0000000785200000,0x0000000786c43fa8,0x0000000787580000)
  to   space 38912K, 0% used [0x0000000787e00000,0x0000000787e00000,0x000000078a400000)
 ParOldGen       total 520704K, used 381801K [0x0000000700e00000, 0x0000000720a80000, 0x0000000780500000)
  object space 520704K, 73% used [0x0000000700e00000,0x00000007182da720,0x0000000720a80000)
 Metaspace       used 146977K, capacity 150868K, committed 152576K, reserved 1185792K
  class space    used 14683K, capacity 15544K, committed 15872K, reserved 1048576K
}
Event: 169572.691 GC heap before
{Heap before GC invocations=4039 (full 25):
 PSYoungGen      total 115200K, used 105743K [0x0000000780500000, 0x000000078a400000, 0x00000007c0000000)
  eden space 78848K, 100% used [0x0000000780500000,0x0000000785200000,0x0000000785200000)
  from space 36352K, 73% used [0x0000000785200000,0x0000000786c43fa8,0x0000000787580000)
  to   space 38912K, 0% used [0x0000000787e00000,0x0000000787e00000,0x000000078a400000)
 ParOldGen       total 520704K, used 381801K [0x0000000700e00000, 0x0000000720a80000, 0x0000000780500000)
  object space 520704K, 73% used [0x0000000700e00000,0x00000007182da720,0x0000000720a80000)
 Metaspace       used 147201K, capacity 151176K, committed 152576K, reserved 1185792K
  class space    used 14729K, capacity 15627K, committed 15872K, reserved 1048576K
Event: 169572.748 GC heap after
Heap after GC invocations=4039 (full 25):
 PSYoungGen      total 120832K, used 30298K [0x0000000780500000, 0x000000078a900000, 0x00000007c0000000)
  eden space 81920K, 0% used [0x0000000780500000,0x0000000780500000,0x0000000785500000)
  from space 38912K, 77% used [0x0000000787e00000,0x0000000789b96950,0x000000078a400000)
  to   space 41984K, 0% used [0x0000000785500000,0x0000000785500000,0x0000000787e00000)
 ParOldGen       total 520704K, used 382201K [0x0000000700e00000, 0x0000000720a80000, 0x0000000780500000)
  object space 520704K, 73% used [0x0000000700e00000,0x000000071833e720,0x0000000720a80000)
 Metaspace       used 147201K, capacity 151176K, committed 152576K, reserved 1185792K
  class space    used 14729K, capacity 15627K, committed 15872K, reserved 1048576K
}
Event: 169602.914 GC heap before
{Heap before GC invocations=4040 (full 25):
 PSYoungGen      total 120832K, used 112218K [0x0000000780500000, 0x000000078a900000, 0x00000007c0000000)
  eden space 81920K, 100% used [0x0000000780500000,0x0000000785500000,0x0000000785500000)
  from space 38912K, 77% used [0x0000000787e00000,0x0000000789b96950,0x000000078a400000)
  to   space 41984K, 0% used [0x0000000785500000,0x0000000785500000,0x0000000787e00000)
 ParOldGen       total 520704K, used 382201K [0x0000000700e00000, 0x0000000720a80000, 0x0000000780500000)
  object space 520704K, 73% used [0x0000000700e00000,0x000000071833e720,0x0000000720a80000)
 Metaspace       used 147298K, capacity 151392K, committed 152704K, reserved 1185792K
  class space    used 14761K, capacity 15701K, committed 16000K, reserved 1048576K
Event: 169603.021 GC heap after
Heap after GC invocations=4040 (full 25):
 PSYoungGen      total 123904K, used 31386K [0x0000000780500000, 0x000000078b180000, 0x00000007c0000000)
  eden space 81920K, 0% used [0x0000000780500000,0x0000000780500000,0x0000000785500000)
  from space 41984K, 74% used [0x0000000785500000,0x00000007873a69f0,0x0000000787e00000)
  to   space 45056K, 0% used [0x0000000788580000,0x0000000788580000,0x000000078b180000)
 ParOldGen       total 520704K, used 382813K [0x0000000700e00000, 0x0000000720a80000, 0x0000000780500000)
  object space 520704K, 73% used [0x0000000700e00000,0x00000007183d7730,0x0000000720a80000)
 Metaspace       used 147298K, capacity 151392K, committed 152704K, reserved 1185792K
  class space    used 14761K, capacity 15701K, committed 16000K, reserved 1048576K
}
Event: 169631.775 GC heap before
{Heap before GC invocations=4041 (full 25):
 PSYoungGen      total 123904K, used 113306K [0x0000000780500000, 0x000000078b180000, 0x00000007c0000000)
  eden space 81920K, 100% used [0x0000000780500000,0x0000000785500000,0x0000000785500000)
  from space 41984K, 74% used [0x0000000785500000,0x00000007873a69f0,0x0000000787e00000)
  to   space 45056K, 0% used [0x0000000788580000,0x0000000788580000,0x000000078b180000)
 ParOldGen       total 520704K, used 382813K [0x0000000700e00000, 0x0000000720a80000, 0x0000000780500000)
  object space 520704K, 73% used [0x0000000700e00000,0x00000007183d7730,0x0000000720a80000)
 Metaspace       used 147339K, capacity 151506K, committed 152704K, reserved 1185792K
  class space    used 14771K, capacity 15720K, committed 16000K, reserved 1048576K
Event: 169631.829 GC heap after
Heap after GC invocations=4041 (full 25):
 PSYoungGen      total 130560K, used 29482K [0x0000000780500000, 0x000000078b280000, 0x00000007c0000000)
  eden space 85504K, 0% used [0x0000000780500000,0x0000000780500000,0x0000000785880000)
  from space 45056K, 65% used [0x0000000788580000,0x000000078a24aa00,0x000000078b180000)
  to   space 46080K, 0% used [0x0000000785880000,0x0000000785880000,0x0000000788580000)
 ParOldGen       total 520704K, used 385541K [0x0000000700e00000, 0x0000000720a80000, 0x0000000780500000)
  object space 520704K, 74% used [0x0000000700e00000,0x0000000718681740,0x0000000720a80000)
 Metaspace       used 147339K, capacity 151506K, committed 152704K, reserved 1185792K
  class space    used 14771K, capacity 15720K, committed 16000K, reserved 1048576K
}
Event: 169684.226 GC heap before
{Heap before GC invocations=4042 (full 25):
 PSYoungGen      total 130560K, used 114986K [0x0000000780500000, 0x000000078b280000, 0x00000007c0000000)
  eden space 85504K, 100% used [0x0000000780500000,0x0000000785880000,0x0000000785880000)
  from space 45056K, 65% used [0x0000000788580000,0x000000078a24aa00,0x000000078b180000)
  to   space 46080K, 0% used [0x0000000785880000,0x0000000785880000,0x0000000788580000)
 ParOldGen       total 520704K, used 385541K [0x0000000700e00000, 0x0000000720a80000, 0x0000000780500000)
  object space 520704K, 74% used [0x0000000700e00000,0x0000000718681740,0x0000000720a80000)
 Metaspace       used 147355K, capacity 151518K, committed 152704K, reserved 1185792K
  class space    used 14773K, capacity 15722K, committed 16000K, reserved 1048576K
Event: 169684.265 GC heap after
Heap after GC invocations=4042 (full 25):
 PSYoungGen      total 131584K, used 29775K [0x0000000780500000, 0x000000078b880000, 0x00000007c0000000)
  eden space 85504K, 0% used [0x0000000780500000,0x0000000780500000,0x0000000785880000)
  from space 46080K, 64% used [0x0000000785880000,0x0000000787593fd8,0x0000000788580000)
  to   space 47616K, 0% used [0x0000000788a00000,0x0000000788a00000,0x000000078b880000)
 ParOldGen       total 520704K, used 386461K [0x0000000700e00000, 0x0000000720a80000, 0x0000000780500000)
  object space 520704K, 74% used [0x0000000700e00000,0x00000007187677e0,0x0000000720a80000)
 Metaspace       used 147355K, capacity 151518K, committed 152704K, reserved 1185792K
  class space    used 14773K, capacity 15722K, committed 16000K, reserved 1048576K
}

Deoptimization events (0 events):
No events

Internal exceptions (10 events):
Event: 169629.120 Thread 0x0000000024500800 Exception <a 'java/security/PrivilegedActionException'> (0x000000078415dd58) thrown at [C:\workspace\8-2-build-windows-amd64-cygwin\jdk8u31\2394\hotspot\src\share\vm\prims\jvm.cpp, line 1312]
Event: 169629.121 Thread 0x0000000024500800 Exception <a 'java/security/PrivilegedActionException'> (0x0000000784168928) thrown at [C:\workspace\8-2-build-windows-amd64-cygwin\jdk8u31\2394\hotspot\src\share\vm\prims\jvm.cpp, line 1312]
Event: 169629.121 Thread 0x0000000024500800 Exception <a 'java/security/PrivilegedActionException'> (0x000000078417a8b8) thrown at [C:\workspace\8-2-build-windows-amd64-cygwin\jdk8u31\2394\hotspot\src\share\vm\prims\jvm.cpp, line 1312]
Event: 169629.121 Thread 0x0000000024500800 Exception <a 'java/security/PrivilegedActionException'> (0x000000078417bab0) thrown at [C:\workspace\8-2-build-windows-amd64-cygwin\jdk8u31\2394\hotspot\src\share\vm\prims\jvm.cpp, line 1312]
Event: 169629.121 Thread 0x0000000024500800 Exception <a 'java/security/PrivilegedActionException'> (0x00000007841892c0) thrown at [C:\workspace\8-2-build-windows-amd64-cygwin\jdk8u31\2394\hotspot\src\share\vm\prims\jvm.cpp, line 1312]
Event: 169629.121 Thread 0x0000000024500800 Exception <a 'java/security/PrivilegedActionException'> (0x000000078418b3f0) thrown at [C:\workspace\8-2-build-windows-amd64-cygwin\jdk8u31\2394\hotspot\src\share\vm\prims\jvm.cpp, line 1312]
Event: 169629.121 Thread 0x0000000024500800 Exception <a 'java/security/PrivilegedActionException'> (0x000000078418c5e8) thrown at [C:\workspace\8-2-build-windows-amd64-cygwin\jdk8u31\2394\hotspot\src\share\vm\prims\jvm.cpp, line 1312]
Event: 169629.122 Thread 0x0000000024500800 Exception <a 'java/security/PrivilegedActionException'> (0x0000000784199db8) thrown at [C:\workspace\8-2-build-windows-amd64-cygwin\jdk8u31\2394\hotspot\src\share\vm\prims\jvm.cpp, line 1312]
Event: 169638.671 Thread 0x0000000024501800 Exception <a 'java/lang/NullPointerException'> (0x0000000781e94780) thrown at [C:\workspace\8-2-build-windows-amd64-cygwin\jdk8u31\2394\hotspot\src\share\vm\interpreter\linkResolver.cpp, line 1178]
Event: 169638.683 Thread 0x0000000024501800 Exception <a 'java/lang/reflect/InvocationTargetException'> (0x00000007824dc6e0) thrown at [C:\workspace\8-2-build-windows-amd64-cygwin\jdk8u31\2394\hotspot\src\share\vm\runtime\reflection.cpp, line 1080]

Events (10 events):
Event: 169699.802 Executing VM operation: ChangeBreakpoints done
Event: 169699.803 Executing VM operation: ChangeBreakpoints
Event: 169699.803 Executing VM operation: ChangeBreakpoints done
Event: 169699.803 Executing VM operation: ChangeBreakpoints
Event: 169699.803 Executing VM operation: ChangeBreakpoints done
Event: 169699.803 Executing VM operation: ChangeBreakpoints
Event: 169699.803 Executing VM operation: ChangeBreakpoints done
Event: 169699.803 Executing VM operation: ChangeBreakpoints
Event: 169699.803 Executing VM operation: ChangeBreakpoints done
Event: 169699.827 Executing VM operation: RedefineClasses


Dynamic libraries:
0x00007ff6c6c70000 - 0x00007ff6c6ca4000 	C:\Program Files\Java\jdk1.8.0_31\bin\java.exe
0x00007ff89aca0000 - 0x00007ff89ae80000 	C:\WINDOWS\SYSTEM32\ntdll.dll
0x00007ff89a260000 - 0x00007ff89a30e000 	C:\WINDOWS\System32\KERNEL32.DLL
0x00007ff897940000 - 0x00007ff897ba6000 	C:\WINDOWS\System32\KERNELBASE.dll
0x00007ff89a370000 - 0x00007ff89a411000 	C:\WINDOWS\System32\ADVAPI32.dll
0x00007ff89a5b0000 - 0x00007ff89a64d000 	C:\WINDOWS\System32\msvcrt.dll
0x00007ff89a310000 - 0x00007ff89a36b000 	C:\WINDOWS\System32\sechost.dll
0x00007ff899ac0000 - 0x00007ff899bdf000 	C:\WINDOWS\System32\RPCRT4.dll
0x00007ff89a420000 - 0x00007ff89a5af000 	C:\WINDOWS\System32\USER32.dll
0x00007ff898050000 - 0x00007ff898070000 	C:\WINDOWS\System32\win32u.dll
0x00007ff89a720000 - 0x00007ff89a748000 	C:\WINDOWS\System32\GDI32.dll
0x00007ff897c60000 - 0x00007ff897df3000 	C:\WINDOWS\System32\gdi32full.dll
0x00007ff8970f0000 - 0x00007ff89718b000 	C:\WINDOWS\System32\msvcp_win.dll
0x00007ff898070000 - 0x00007ff898166000 	C:\WINDOWS\System32\ucrtbase.dll
0x00007ff8879f0000 - 0x00007ff887c59000 	C:\WINDOWS\WinSxS\amd64_microsoft.windows.common-controls_6595b64144ccf1df_6.0.16299.125_none_15cbcf8893620c09\COMCTL32.dll
0x00007ff899e00000 - 0x00007ff89a108000 	C:\WINDOWS\System32\combase.dll
0x00007ff897fd0000 - 0x00007ff898042000 	C:\WINDOWS\System32\bcryptPrimitives.dll
0x00007ff899890000 - 0x00007ff8998bd000 	C:\WINDOWS\System32\IMM32.DLL
0x00000000631f0000 - 0x00000000632c2000 	C:\Program Files\Java\jdk1.8.0_31\jre\bin\msvcr100.dll
0x0000000062990000 - 0x00000000631ea000 	C:\Program Files\Java\jdk1.8.0_31\jre\bin\server\jvm.dll
0x00007ff89a250000 - 0x00007ff89a258000 	C:\WINDOWS\System32\PSAPI.DLL
0x00007ff889d80000 - 0x00007ff889d89000 	C:\WINDOWS\SYSTEM32\WSOCK32.dll
0x00007ff89a7b0000 - 0x00007ff89a81c000 	C:\WINDOWS\System32\WS2_32.dll
0x00007ff894cb0000 - 0x00007ff894cd3000 	C:\WINDOWS\SYSTEM32\WINMM.dll
0x00007ff894c80000 - 0x00007ff894caa000 	C:\WINDOWS\SYSTEM32\WINMMBASE.dll
0x00007ff8970a0000 - 0x00007ff8970ea000 	C:\WINDOWS\System32\cfgmgr32.dll
0x0000000062980000 - 0x000000006298f000 	C:\Program Files\Java\jdk1.8.0_31\jre\bin\verify.dll
0x0000000062950000 - 0x0000000062978000 	C:\Program Files\Java\jdk1.8.0_31\jre\bin\java.dll
0x00000000627c0000 - 0x00000000627f5000 	C:\Program Files\Java\jdk1.8.0_31\jre\bin\jdwp.dll
0x00000000627b0000 - 0x00000000627b8000 	C:\Program Files\Java\jdk1.8.0_31\jre\bin\npt.dll
0x0000000062930000 - 0x0000000062946000 	C:\Program Files\Java\jdk1.8.0_31\jre\bin\zip.dll
0x00007ff8983f0000 - 0x00007ff899826000 	C:\WINDOWS\System32\SHELL32.dll
0x00007ff89a120000 - 0x00007ff89a1c6000 	C:\WINDOWS\System32\shcore.dll
0x00007ff897190000 - 0x00007ff8978d7000 	C:\WINDOWS\System32\windows.storage.dll
0x00007ff899830000 - 0x00007ff899881000 	C:\WINDOWS\System32\shlwapi.dll
0x00007ff897080000 - 0x00007ff897091000 	C:\WINDOWS\System32\kernel.appcore.dll
0x00007ff896ff0000 - 0x00007ff89703c000 	C:\WINDOWS\System32\powrprof.dll
0x00007ff897040000 - 0x00007ff89705b000 	C:\WINDOWS\System32\profapi.dll
0x00000000627a0000 - 0x00000000627a9000 	C:\Program Files\Java\jdk1.8.0_31\jre\bin\dt_socket.dll
0x00007ff896810000 - 0x00007ff896876000 	C:\WINDOWS\system32\mswsock.dll
0x0000000062910000 - 0x000000006292a000 	C:\Program Files\Java\jdk1.8.0_31\jre\bin\net.dll
0x00007ff881540000 - 0x00007ff881556000 	C:\WINDOWS\system32\napinsp.dll
0x00007ff881520000 - 0x00007ff88153a000 	C:\WINDOWS\system32\pnrpnsp.dll
0x00007ff893b10000 - 0x00007ff893b28000 	C:\WINDOWS\system32\NLAapi.dll
0x00007ff8965e0000 - 0x00007ff896696000 	C:\WINDOWS\SYSTEM32\DNSAPI.dll
0x00007ff89a110000 - 0x00007ff89a118000 	C:\WINDOWS\System32\NSI.dll
0x00007ff8965a0000 - 0x00007ff8965d9000 	C:\WINDOWS\SYSTEM32\IPHLPAPI.DLL
0x00007ff881510000 - 0x00007ff88151e000 	C:\WINDOWS\System32\winrnr.dll
0x0000000063560000 - 0x0000000063569000 	C:\Program Files\National Instruments\Shared\mDNS Responder\nimdnsNSP.dll
0x0000000063550000 - 0x000000006355e000 	C:\WINDOWS\SYSTEM32\nimdnsResponder.dll
0x00000000661f0000 - 0x0000000066293000 	C:\WINDOWS\WinSxS\amd64_microsoft.vc90.crt_1fc8b3b9a1e18e3b_9.0.30729.9317_none_08e0939fa840d57b\MSVCR90.dll
0x00007ff88be50000 - 0x00007ff88be5a000 	C:\Windows\System32\rasadhlp.dll
0x00007ff88ee20000 - 0x00007ff88ee90000 	C:\WINDOWS\System32\fwpuclnt.dll
0x00007ff896ae0000 - 0x00007ff896b05000 	C:\WINDOWS\SYSTEM32\bcrypt.dll
0x0000000062800000 - 0x000000006280d000 	C:\Program Files\Java\jdk1.8.0_31\jre\bin\management.dll
0x00000000628f0000 - 0x0000000062901000 	C:\Program Files\Java\jdk1.8.0_31\jre\bin\nio.dll
0x00000000661e0000 - 0x00000000661e9000 	C:\Program Files\Java\jdk1.8.0_31\jre\bin\attach.dll
0x00007ff8969d0000 - 0x00007ff8969e7000 	C:\WINDOWS\SYSTEM32\CRYPTSP.dll
0x00007ff896420000 - 0x00007ff896453000 	C:\WINDOWS\system32\rsaenh.dll
0x00007ff896eb0000 - 0x00007ff896ed9000 	C:\WINDOWS\SYSTEM32\USERENV.dll
0x00007ff8969f0000 - 0x00007ff8969fb000 	C:\WINDOWS\SYSTEM32\CRYPTBASE.dll
0x00007ff891f50000 - 0x00007ff891f66000 	C:\WINDOWS\SYSTEM32\dhcpcsvc6.DLL
0x00007ff892000000 - 0x00007ff89201a000 	C:\WINDOWS\SYSTEM32\dhcpcsvc.DLL
0x00000000661b0000 - 0x00000000661d3000 	C:\Program Files\Java\jdk1.8.0_31\jre\bin\instrument.dll
0x0000000066010000 - 0x00000000661a8000 	C:\Program Files\Java\jdk1.8.0_31\jre\bin\awt.dll
0x00007ff89a650000 - 0x00007ff89a715000 	C:\WINDOWS\System32\OLEAUT32.dll
0x00007ff895180000 - 0x00007ff895208000 	C:\WINDOWS\SYSTEM32\apphelp.dll
0x00007ff895570000 - 0x00007ff89559a000 	C:\WINDOWS\system32\DWMAPI.DLL
0x00007ff895300000 - 0x00007ff895395000 	C:\WINDOWS\system32\uxtheme.dll
0x0000000065fc0000 - 0x0000000066007000 	C:\Program Files\Java\jdk1.8.0_31\jre\bin\fontmanager.dll
0x0000000065f70000 - 0x0000000065fb1000 	C:\Program Files\Java\jdk1.8.0_31\jre\bin\t2k.dll
0x0000000065f30000 - 0x0000000065f61000 	C:\Program Files\Java\jdk1.8.0_31\jre\bin\jpeg.dll
0x00007ff88bf40000 - 0x00007ff88c108000 	C:\WINDOWS\SYSTEM32\dbghelp.dll

VM Arguments:
jvm_args: -agentlib:jdwp=transport=dt_socket,address=127.0.0.1:53488,suspend=y,server=n -XX:TieredStopAtLevel=1 -Xverify:none -Dspring.output.ansi.enabled=always -Dfile.encoding=UTF-8 
java_command: net.liuxuan.ApplicationMain
java_class_path (initial): C:\Program Files\Java\jdk1.8.0_31\jre\lib\charsets.jar;C:\Program Files\Java\jdk1.8.0_31\jre\lib\deploy.jar;C:\Program Files\Java\jdk1.8.0_31\jre\lib\ext\access-bridge-64.jar;C:\Program Files\Java\jdk1.8.0_31\jre\lib\ext\cldrdata.jar;C:\Program Files\Java\jdk1.8.0_31\jre\lib\ext\dnsns.jar;C:\Program Files\Java\jdk1.8.0_31\jre\lib\ext\jaccess.jar;C:\Program Files\Java\jdk1.8.0_31\jre\lib\ext\jfxrt.jar;C:\Program Files\Java\jdk1.8.0_31\jre\lib\ext\localedata.jar;C:\Program Files\Java\jdk1.8.0_31\jre\lib\ext\nashorn.jar;C:\Program Files\Java\jdk1.8.0_31\jre\lib\ext\sunec.jar;C:\Program Files\Java\jdk1.8.0_31\jre\lib\ext\sunjce_provider.jar;C:\Program Files\Java\jdk1.8.0_31\jre\lib\ext\sunmscapi.jar;C:\Program Files\Java\jdk1.8.0_31\jre\lib\ext\sunpkcs11.jar;C:\Program Files\Java\jdk1.8.0_31\jre\lib\ext\zipfs.jar;C:\Program Files\Java\jdk1.8.0_31\jre\lib\javaws.jar;C:\Program Files\Java\jdk1.8.0_31\jre\lib\jce.jar;C:\Program Files\Java\jdk1.8.0_31\jre\lib\jfr.jar;C:\Program Files\Java\jdk1.8.0_31\jre\lib\jfxswt.jar;C:\Program Files\Java\jdk1.8.0_31\jre\lib\jsse.jar;C:\Program Files\Java\jdk1.8.0_31\jre\lib\management-agent.jar;C:\Program Files\Java\jdk1.8.0_31\jre\lib\plugin.jar;C:\Program Files\Java\jdk1.8.0_31\jre\lib\resources.jar;C:\Program Files\Java\jdk1.8.0_31\jre\lib\rt.jar;F:\SyncDisk\Dropbox\Workspaces\Maven\SpringBootTest\target\classes;C:\Program Files\Java\jdk1.8.0_31\lib\tools.jar;C:\Program Files\Java\jdk1.8.0_31\lib\jconsole.jar;F:\SyncDisk\Dropbox\Workspaces\Maven\SpringBootTest\src\main\resources\lib\ocr_sdk-1.3.6.jar;D:\repo\org\springframework\boot\spring-boot-starter-web\1.5.1.RELEASE\spring-boot-starter-web-1.5.1.RELEASE.jar;D:\repo\org\springframework\boot\spring-boot-starter\1.5.1.RELEASE\spring-boot-starter-1.5.1.RELEASE.jar;D:\repo\org\springframework\boot\spring-boot-starter-logging\1.5.1.RELEASE\spring-boot-starter-logging-1.5.1.RELEASE.jar;D:\repo\org\slf4j\jul-to-slf4j\1.7.22\jul-to-slf4j-1.7.22.jar;D:\repo\org\
Launcher Type: SUN_STANDARD

Environment Variables:
JAVA_HOME=C:\Program Files\Java\jdk1.8.0_31
USERNAME=Moses
OS=Windows_NT
PROCESSOR_IDENTIFIER=Intel64 Family 6 Model 60 Stepping 3, GenuineIntel



---------------  S Y S T E M  ---------------

OS: Windows 8.1 , 64 bit Build 9600 

CPU:total 2 (2 cores per cpu, 1 threads per core) family 6 model 60 stepping 3, cmov, cx8, fxsr, mmx, sse, sse2, sse3, ssse3, sse4.1, sse4.2, popcnt, clmul, erms, lzcnt, tsc, tscinvbit

Memory: 4k page, physical 12523724k(3749880k free), swap 19147096k(3971116k free)

vm_info: Java HotSpot(TM) 64-Bit Server VM (25.31-b07) for windows-amd64 JRE (1.8.0_31-b13), built on Dec 17 2014 21:00:28 by "java_re" with MS VC++ 10.0 (VS2010)

time: Fri Jan 05 13:09:40 2018
elapsed time: 169700 seconds (1d 23h 8m 20s)

