#
# A fatal error has been detected by the Java Runtime Environment:
#
#  EXCEPTION_ACCESS_VIOLATION (0xc0000005) at pc=0x0000000050b5a6a5, pid=24864, tid=18036
#
# JRE version: Java(TM) SE Runtime Environment (8.0_31-b13) (build 1.8.0_31-b13)
# Java VM: Java HotSpot(TM) 64-Bit Server VM (25.31-b07 mixed mode windows-amd64 compressed oops)
# Problematic frame:
# V  [jvm.dll+0x11a6a5]
#
# Failed to write core dump. Minidumps are not enabled by default on client versions of Windows
#
# If you would like to submit a bug report, please visit:
#   http://bugreport.java.com/bugreport/crash.jsp
#

---------------  T H R E A D  ---------------

Current thread (0x000000001b7c3000):  JavaThread "JDWP Transport Listener: dt_socket" daemon [_thread_in_vm, id=18036, stack(0x000000001c680000,0x000000001c780000)]

siginfo: ExceptionCode=0xc0000005, reading address 0x0000003b6e6f6974

Registers:
RAX=0x000000001c77f401, RBX=0x000000001b7c3000, RCX=0x0000003b6e6f6974, RDX=0x0000000000000000
RSP=0x000000001c77f430, RBP=0x0000003b6e6f6974, RSI=0x000000001c77f548, RDI=0x000000000479e270
R8 =0x000000001b7c3000, R9 =0x0000000000008000, R10=0x00000000247feb30, R11=0x0000000024db9190
R12=0x0000000000000000, R13=0x000000001b7c3ce8, R14=0x0000000000000000, R15=0x0000000000000000
RIP=0x0000000050b5a6a5, EFLAGS=0x0000000000010206

Top of Stack: (sp=0x000000001c77f430)
0x000000001c77f430:   000000001b7c3000 000000001b7c3000
0x000000001c77f440:   000000001c77f4f8 0000000050d57c1b
0x000000001c77f450:   000000001b7c3000 0000000050d7447d
0x000000001c77f460:   0000000000000000 0000000053419149
0x000000001c77f470:   00000000244dce10 0000000053422912
0x000000001c77f480:   000000001b7c3000 0000000000000000
0x000000001c77f490:   0000000000000000 0000000000000000
0x000000001c77f4a0:   0000003b6e6f6974 0000000053421a09
0x000000001c77f4b0:   000000001c77f548 000000001c77f520
0x000000001c77f4c0:   0000000000000001 00000000244dce10
0x000000001c77f4d0:   0000003b6e6f6974 00000000534053b3
0x000000001c77f4e0:   000000001c77f610 0000000000000001
0x000000001c77f4f0:   0000000000000001 00000000244dce10
0x000000001c77f500:   0000000000000008 0000000000000000
0x000000001c77f510:   0000000000000000 0000000000000000
0x000000001c77f520:   0000000000000001 0000000053405571 

Instructions: (pc=0x0000000050b5a6a5)
0x0000000050b5a685:   cc cc cc cc cc cc cc cc cc cc cc 48 83 ec 28 48
0x0000000050b5a695:   85 c9 75 07 33 c0 48 83 c4 28 c3 48 89 5c 24 20
0x0000000050b5a6a5:   48 8b 19 48 85 db 74 20 48 83 fb 37 74 1a 48 8b
0x0000000050b5a6b5:   13 48 8b cb ff 52 10 84 c0 74 0d 48 8b c3 48 8b 


Register to memory mapping:

RAX=0x000000001c77f401 is pointing into the stack for thread: 0x000000001b7c3000
RBX=0x000000001b7c3000 is a thread
RCX=0x0000003b6e6f6974 is an unknown value
RDX=0x0000000000000000 is an unknown value
RSP=0x000000001c77f430 is pointing into the stack for thread: 0x000000001b7c3000
RBP=0x0000003b6e6f6974 is an unknown value
RSI=0x000000001c77f548 is pointing into the stack for thread: 0x000000001b7c3000
RDI=0x000000000479e270 is an unknown value
R8 =0x000000001b7c3000 is a thread
R9 =0x0000000000008000 is an unknown value
R10=0x00000000247feb30 is an unknown value
R11=0x0000000024db9190 is an unknown value
R12=0x0000000000000000 is an unknown value
R13=0x000000001b7c3ce8 is an unknown value
R14=0x0000000000000000 is an unknown value
R15=0x0000000000000000 is an unknown value


Stack: [0x000000001c680000,0x000000001c780000],  sp=0x000000001c77f430,  free space=1021k
Native frames: (J=compiled Java code, j=interpreted, Vv=VM code, C=native code)
V  [jvm.dll+0x11a6a5]
V  [jvm.dll+0x33447d]
C  [jdwp.dll+0x21a09]
C  [jdwp.dll+0x53b3]
C  [jdwp.dll+0x5571]
C  [jdwp.dll+0xf09c]
C  [jdwp.dll+0x1f2c9]
C  [jdwp.dll+0x1f49e]
V  [jvm.dll+0x1ac128]
V  [jvm.dll+0x22c194]
V  [jvm.dll+0x28576a]
C  [msvcr100.dll+0x21d9f]
C  [msvcr100.dll+0x21e3b]
C  [KERNEL32.DLL+0x11fe4]
C  [ntdll.dll+0x6efc1]


---------------  P R O C E S S  ---------------

Java Threads: ( => current thread )
  0x000000002167d800 JavaThread "http-nio-0.0.0.0-80-exec-15" daemon [_thread_blocked, id=23684, stack(0x000000002a230000,0x000000002a330000)]
  0x0000000021676000 JavaThread "http-nio-0.0.0.0-80-exec-13" daemon [_thread_blocked, id=19932, stack(0x000000002a030000,0x000000002a130000)]
  0x0000000021675000 JavaThread "http-nio-0.0.0.0-80-exec-12" daemon [_thread_blocked, id=25016, stack(0x0000000029f30000,0x000000002a030000)]
  0x000000002167c000 JavaThread "http-nio-0.0.0.0-80-AsyncTimeout" daemon [_thread_blocked, id=6740, stack(0x0000000029330000,0x0000000029430000)]
  0x000000002167b000 JavaThread "http-nio-0.0.0.0-80-Acceptor-0" daemon [_thread_in_native, id=27524, stack(0x0000000029230000,0x0000000029330000)]
  0x000000002167a800 JavaThread "http-nio-0.0.0.0-80-ClientPoller-1" daemon [_thread_in_native, id=11460, stack(0x0000000029130000,0x0000000029230000)]
  0x0000000021674800 JavaThread "http-nio-0.0.0.0-80-ClientPoller-0" daemon [_thread_in_native, id=29676, stack(0x0000000029030000,0x0000000029130000)]
  0x0000000021679800 JavaThread "NioBlockingSelector.BlockPoller-2" daemon [_thread_in_native, id=28468, stack(0x0000000028f30000,0x0000000029030000)]
  0x0000000021679000 JavaThread "File Watcher" daemon [_thread_in_native, id=14856, stack(0x0000000028e30000,0x0000000028f30000)]
  0x0000000021678000 JavaThread "schedulerFactoryBean_QuartzSchedulerThread" [_thread_blocked, id=20972, stack(0x0000000028d30000,0x0000000028e30000)]
  0x0000000021677800 JavaThread "schedulerFactoryBean_Worker-10" [_thread_blocked, id=16684, stack(0x0000000028c30000,0x0000000028d30000)]
  0x000000002477f000 JavaThread "schedulerFactoryBean_Worker-9" [_thread_blocked, id=14848, stack(0x0000000028b30000,0x0000000028c30000)]
  0x0000000024782800 JavaThread "schedulerFactoryBean_Worker-8" [_thread_blocked, id=22984, stack(0x0000000028a30000,0x0000000028b30000)]
  0x0000000024782000 JavaThread "schedulerFactoryBean_Worker-7" [_thread_blocked, id=17076, stack(0x0000000028930000,0x0000000028a30000)]
  0x000000002477e000 JavaThread "schedulerFactoryBean_Worker-6" [_thread_blocked, id=28720, stack(0x0000000028830000,0x0000000028930000)]
  0x0000000024781000 JavaThread "schedulerFactoryBean_Worker-5" [_thread_blocked, id=23276, stack(0x0000000028730000,0x0000000028830000)]
  0x0000000024780800 JavaThread "schedulerFactoryBean_Worker-4" [_thread_blocked, id=4960, stack(0x0000000028630000,0x0000000028730000)]
  0x000000002477f800 JavaThread "schedulerFactoryBean_Worker-3" [_thread_blocked, id=12600, stack(0x0000000028530000,0x0000000028630000)]
  0x000000002477d800 JavaThread "schedulerFactoryBean_Worker-2" [_thread_blocked, id=11212, stack(0x0000000028430000,0x0000000028530000)]
  0x0000000024776000 JavaThread "schedulerFactoryBean_Worker-1" [_thread_blocked, id=19176, stack(0x0000000028330000,0x0000000028430000)]
  0x000000002477c800 JavaThread "container-0" [_thread_blocked, id=29056, stack(0x0000000028230000,0x0000000028330000)]
  0x000000002477c000 JavaThread "ContainerBackgroundProcessor[StandardEngine[Tomcat]]" daemon [_thread_blocked, id=22616, stack(0x0000000028130000,0x0000000028230000)]
  0x0000000024774800 JavaThread "Hibernate Search sync consumer thread for index net.liuxuan.supportsystem.entity.CMSContent" daemon [_thread_blocked, id=13216, stack(0x0000000028030000,0x0000000028130000)]
  0x0000000024779800 JavaThread "Druid-ConnectionPool-Destroy-2002246625" daemon [_thread_blocked, id=25596, stack(0x0000000027f30000,0x0000000028030000)]
  0x0000000024778000 JavaThread "Druid-ConnectionPool-Create-2002246625" daemon [_thread_blocked, id=28848, stack(0x0000000027e30000,0x0000000027f30000)]
  0x0000000024773800 JavaThread "Statistics Thread-__DEFAULT__-1" daemon [_thread_blocked, id=25876, stack(0x0000000027a30000,0x0000000027b30000)]
  0x0000000024776800 JavaThread "__DEFAULT__" daemon [_thread_blocked, id=21476, stack(0x0000000027930000,0x0000000027a30000)]
  0x000000002477a800 JavaThread "Java2D Disposer" daemon [_thread_blocked, id=27224, stack(0x0000000026b30000,0x0000000026c30000)]
  0x0000000021680800 JavaThread "DestroyJavaVM" [_thread_blocked, id=1740, stack(0x0000000004620000,0x0000000004720000)]
  0x000000002167e000 JavaThread "Live Reload Server" daemon [_thread_in_native, id=26328, stack(0x0000000025630000,0x0000000025730000)]
  0x0000000020d53800 JavaThread "Abandoned connection cleanup thread" daemon [_thread_blocked, id=25484, stack(0x0000000021d40000,0x0000000021e40000)]
  0x000000001c9cd000 JavaThread "Service Thread" daemon [_thread_blocked, id=25976, stack(0x000000001cf80000,0x000000001d080000)]
  0x000000001b7e1000 JavaThread "C1 CompilerThread1" daemon [_thread_blocked, id=27840, stack(0x000000001ce80000,0x000000001cf80000)]
  0x000000001b7da800 JavaThread "C2 CompilerThread0" daemon [_thread_blocked, id=22556, stack(0x000000001cd80000,0x000000001ce80000)]
  0x000000001b7cb000 JavaThread "JDWP Command Reader" daemon [_thread_in_native, id=10960, stack(0x000000001c880000,0x000000001c980000)]
  0x000000001b7c8800 JavaThread "JDWP Event Helper Thread" daemon [_thread_blocked, id=636, stack(0x000000001c780000,0x000000001c880000)]
=>0x000000001b7c3000 JavaThread "JDWP Transport Listener: dt_socket" daemon [_thread_in_vm, id=18036, stack(0x000000001c680000,0x000000001c780000)]
  0x000000001b764000 JavaThread "Attach Listener" daemon [_thread_blocked, id=6580, stack(0x000000001c580000,0x000000001c680000)]
  0x000000001b763000 JavaThread "Signal Dispatcher" daemon [_thread_blocked, id=21828, stack(0x000000001c480000,0x000000001c580000)]
  0x0000000004894000 JavaThread "Finalizer" daemon [_thread_blocked, id=26924, stack(0x000000001c380000,0x000000001c480000)]
  0x0000000004891800 JavaThread "Reference Handler" daemon [_thread_blocked, id=13484, stack(0x000000001c280000,0x000000001c380000)]

Other Threads:
  0x000000001b715800 VMThread [stack: 0x000000001c180000,0x000000001c280000] [id=27324]
  0x000000001c9ce800 WatcherThread [stack: 0x000000001d080000,0x000000001d180000] [id=26116]

VM state:not at safepoint (normal execution)

VM Mutex/Monitor currently owned by a thread: None

Heap:
 PSYoungGen      total 989184K, used 215438K [0x0000000780500000, 0x00000007bf900000, 0x00000007c0000000)
  eden space 941056K, 21% used [0x0000000780500000,0x000000078c68b7a8,0x00000007b9c00000)
  from space 48128K, 35% used [0x00000007bca00000,0x00000007bdad8120,0x00000007bf900000)
  to   space 47104K, 0% used [0x00000007b9c00000,0x00000007b9c00000,0x00000007bca00000)
 ParOldGen       total 154112K, used 97202K [0x0000000700e00000, 0x000000070a480000, 0x0000000780500000)
  object space 154112K, 63% used [0x0000000700e00000,0x0000000706cec820,0x000000070a480000)
 Metaspace       used 80546K, capacity 82544K, committed 82688K, reserved 1122304K
  class space    used 10014K, capacity 10407K, committed 10496K, reserved 1048576K

Card table byte_map: [0x0000000013c60000,0x0000000014260000] byte_map_base: 0x0000000010459000

Marking Bits: (ParMarkBitMap*) 0x000000005121d4f0
 Begin Bits: [0x0000000014860000, 0x0000000017828000)
 End Bits:   [0x0000000017828000, 0x000000001a7f0000)

Polling page: 0x00000000001d0000

CodeCache: size=245760Kb used=24928Kb max_used=24928Kb free=220831Kb
 bounds [0x00000000048a0000, 0x0000000006100000, 0x00000000138a0000]
 total_blobs=12870 nmethods=11867 adapters=923
 compilation: enabled

Compilation events (10 events):
Event: 1696.040 Thread 0x000000001b7e1000 12127       1       org.quartz.core.QuartzSchedulerResources::getThreadPool (5 bytes)
Event: 1696.040 Thread 0x000000001b7e1000 nmethod 12127 0x00000000060f1510 code [0x00000000060f1660, 0x00000000060f1770]
Event: 1719.424 Thread 0x000000001b7e1000 12128   !   1       org.quartz.CronExpression::storeExpressionVals (1383 bytes)
Event: 1719.430 Thread 0x000000001b7e1000 nmethod 12128 0x00000000060f17d0 code [0x00000000060f2180, 0x00000000060f62e8]
Event: 1719.430 Thread 0x000000001b7e1000 12129       1       org.quartz.CronExpression::skipWhiteSpace (36 bytes)
Event: 1719.430 Thread 0x000000001b7e1000 nmethod 12129 0x00000000060fb6d0 code [0x00000000060fb860, 0x00000000060fbaf8]
Event: 1732.007 Thread 0x000000001b7e1000 12130       1       org.quartz.impl.triggers.CronTriggerImpl::getEndTime (5 bytes)
Event: 1732.008 Thread 0x000000001b7e1000 nmethod 12130 0x00000000060fbd90 code [0x00000000060fbee0, 0x00000000060fbff0]
Event: 1791.821 Thread 0x000000001b7e1000 12131       1       java.util.LinkedList::unlinkFirst (64 bytes)
Event: 1791.821 Thread 0x000000001b7e1000 nmethod 12131 0x00000000060fc050 code [0x00000000060fc1a0, 0x00000000060fc370]

GC Heap History (10 events):
Event: 385.560 GC heap before
{Heap before GC invocations=18 (full 3):
 PSYoungGen      total 807936K, used 226181K [0x0000000780500000, 0x00000007b6780000, 0x00000007c0000000)
  eden space 782848K, 26% used [0x0000000780500000,0x000000078ccafa90,0x00000007b0180000)
  from space 25088K, 86% used [0x00000007b4f00000,0x00000007b64319a8,0x00000007b6780000)
  to   space 52224K, 0% used [0x00000007b0180000,0x00000007b0180000,0x00000007b3480000)
 ParOldGen       total 154112K, used 122658K [0x0000000700e00000, 0x000000070a480000, 0x0000000780500000)
  object space 154112K, 79% used [0x0000000700e00000,0x00000007085c89b8,0x000000070a480000)
 Metaspace       used 76042K, capacity 77636K, committed 77824K, reserved 1118208K
  class space    used 9664K, capacity 9981K, committed 9984K, reserved 1048576K
Event: 385.602 GC heap after
Heap after GC invocations=18 (full 3):
 PSYoungGen      total 835072K, used 192K [0x0000000780500000, 0x00000007b6980000, 0x00000007c0000000)
  eden space 782848K, 0% used [0x0000000780500000,0x0000000780500000,0x00000007b0180000)
  from space 52224K, 0% used [0x00000007b0180000,0x00000007b01b0000,0x00000007b3480000)
  to   space 53248K, 0% used [0x00000007b3580000,0x00000007b3580000,0x00000007b6980000)
 ParOldGen       total 154112K, used 133113K [0x0000000700e00000, 0x000000070a480000, 0x0000000780500000)
  object space 154112K, 86% used [0x0000000700e00000,0x0000000708ffe740,0x000000070a480000)
 Metaspace       used 76042K, capacity 77636K, committed 77824K, reserved 1118208K
  class space    used 9664K, capacity 9981K, committed 9984K, reserved 1048576K
}
Event: 385.602 GC heap before
{Heap before GC invocations=19 (full 4):
 PSYoungGen      total 835072K, used 192K [0x0000000780500000, 0x00000007b6980000, 0x00000007c0000000)
  eden space 782848K, 0% used [0x0000000780500000,0x0000000780500000,0x00000007b0180000)
  from space 52224K, 0% used [0x00000007b0180000,0x00000007b01b0000,0x00000007b3480000)
  to   space 53248K, 0% used [0x00000007b3580000,0x00000007b3580000,0x00000007b6980000)
 ParOldGen       total 154112K, used 133113K [0x0000000700e00000, 0x000000070a480000, 0x0000000780500000)
  object space 154112K, 86% used [0x0000000700e00000,0x0000000708ffe740,0x000000070a480000)
 Metaspace       used 76042K, capacity 77636K, committed 77824K, reserved 1118208K
  class space    used 9664K, capacity 9981K, committed 9984K, reserved 1048576K
Event: 386.367 GC heap after
Heap after GC invocations=19 (full 4):
 PSYoungGen      total 835072K, used 0K [0x0000000780500000, 0x00000007b6980000, 0x00000007c0000000)
  eden space 782848K, 0% used [0x0000000780500000,0x0000000780500000,0x00000007b0180000)
  from space 52224K, 0% used [0x00000007b0180000,0x00000007b0180000,0x00000007b3480000)
  to   space 53248K, 0% used [0x00000007b3580000,0x00000007b3580000,0x00000007b6980000)
 ParOldGen       total 154112K, used 78893K [0x0000000700e00000, 0x000000070a480000, 0x0000000780500000)
  object space 154112K, 51% used [0x0000000700e00000,0x0000000705b0b450,0x000000070a480000)
 Metaspace       used 75842K, capacity 77318K, committed 77824K, reserved 1118208K
  class space    used 9634K, capacity 9928K, committed 9984K, reserved 1048576K
}
Event: 402.205 GC heap before
{Heap before GC invocations=20 (full 4):
 PSYoungGen      total 835072K, used 782848K [0x0000000780500000, 0x00000007b6980000, 0x00000007c0000000)
  eden space 782848K, 100% used [0x0000000780500000,0x00000007b0180000,0x00000007b0180000)
  from space 52224K, 0% used [0x00000007b0180000,0x00000007b0180000,0x00000007b3480000)
  to   space 53248K, 0% used [0x00000007b3580000,0x00000007b3580000,0x00000007b6980000)
 ParOldGen       total 154112K, used 78893K [0x0000000700e00000, 0x000000070a480000, 0x0000000780500000)
  object space 154112K, 51% used [0x0000000700e00000,0x0000000705b0b450,0x000000070a480000)
 Metaspace       used 78377K, capacity 80086K, committed 80384K, reserved 1120256K
  class space    used 9842K, capacity 10180K, committed 10240K, reserved 1048576K
Event: 402.256 GC heap after
Heap after GC invocations=20 (full 4):
 PSYoungGen      total 837632K, used 24319K [0x0000000780500000, 0x00000007bfe00000, 0x00000007c0000000)
  eden space 784384K, 0% used [0x0000000780500000,0x0000000780500000,0x00000007b0300000)
  from space 53248K, 45% used [0x00000007b3580000,0x00000007b4d3fe10,0x00000007b6980000)
  to   space 51712K, 0% used [0x00000007b0300000,0x00000007b0300000,0x00000007b3580000)
 ParOldGen       total 154112K, used 78893K [0x0000000700e00000, 0x000000070a480000, 0x0000000780500000)
  object space 154112K, 51% used [0x0000000700e00000,0x0000000705b0b450,0x000000070a480000)
 Metaspace       used 78377K, capacity 80086K, committed 80384K, reserved 1120256K
  class space    used 9842K, capacity 10180K, committed 10240K, reserved 1048576K
}
Event: 641.143 GC heap before
{Heap before GC invocations=21 (full 4):
 PSYoungGen      total 837632K, used 808703K [0x0000000780500000, 0x00000007bfe00000, 0x00000007c0000000)
  eden space 784384K, 100% used [0x0000000780500000,0x00000007b0300000,0x00000007b0300000)
  from space 53248K, 45% used [0x00000007b3580000,0x00000007b4d3fe10,0x00000007b6980000)
  to   space 51712K, 0% used [0x00000007b0300000,0x00000007b0300000,0x00000007b3580000)
 ParOldGen       total 154112K, used 78893K [0x0000000700e00000, 0x000000070a480000, 0x0000000780500000)
  object space 154112K, 51% used [0x0000000700e00000,0x0000000705b0b450,0x000000070a480000)
 Metaspace       used 80451K, capacity 82482K, committed 82688K, reserved 1122304K
  class space    used 10002K, capacity 10370K, committed 10496K, reserved 1048576K
Event: 641.198 GC heap after
Heap after GC invocations=21 (full 4):
 PSYoungGen      total 836096K, used 15184K [0x0000000780500000, 0x00000007bfa80000, 0x00000007c0000000)
  eden space 784384K, 0% used [0x0000000780500000,0x0000000780500000,0x00000007b0300000)
  from space 51712K, 29% used [0x00000007b0300000,0x00000007b11d4360,0x00000007b3580000)
  to   space 49664K, 0% used [0x00000007bca00000,0x00000007bca00000,0x00000007bfa80000)
 ParOldGen       total 154112K, used 97194K [0x0000000700e00000, 0x000000070a480000, 0x0000000780500000)
  object space 154112K, 63% used [0x0000000700e00000,0x0000000706cea820,0x000000070a480000)
 Metaspace       used 80451K, capacity 82482K, committed 82688K, reserved 1122304K
  class space    used 10002K, capacity 10370K, committed 10496K, reserved 1048576K
}
Event: 1623.611 GC heap before
{Heap before GC invocations=22 (full 4):
 PSYoungGen      total 836096K, used 799568K [0x0000000780500000, 0x00000007bfa80000, 0x00000007c0000000)
  eden space 784384K, 100% used [0x0000000780500000,0x00000007b0300000,0x00000007b0300000)
  from space 51712K, 29% used [0x00000007b0300000,0x00000007b11d4360,0x00000007b3580000)
  to   space 49664K, 0% used [0x00000007bca00000,0x00000007bca00000,0x00000007bfa80000)
 ParOldGen       total 154112K, used 97194K [0x0000000700e00000, 0x000000070a480000, 0x0000000780500000)
  object space 154112K, 63% used [0x0000000700e00000,0x0000000706cea820,0x000000070a480000)
 Metaspace       used 80514K, capacity 82544K, committed 82688K, reserved 1122304K
  class space    used 10013K, capacity 10407K, committed 10496K, reserved 1048576K
Event: 1623.636 GC heap after
Heap after GC invocations=22 (full 4):
 PSYoungGen      total 989184K, used 17248K [0x0000000780500000, 0x00000007bf900000, 0x00000007c0000000)
  eden space 941056K, 0% used [0x0000000780500000,0x0000000780500000,0x00000007b9c00000)
  from space 48128K, 35% used [0x00000007bca00000,0x00000007bdad8120,0x00000007bf900000)
  to   space 47104K, 0% used [0x00000007b9c00000,0x00000007b9c00000,0x00000007bca00000)
 ParOldGen       total 154112K, used 97202K [0x0000000700e00000, 0x000000070a480000, 0x0000000780500000)
  object space 154112K, 63% used [0x0000000700e00000,0x0000000706cec820,0x000000070a480000)
 Metaspace       used 80514K, capacity 82544K, committed 82688K, reserved 1122304K
  class space    used 10013K, capacity 10407K, committed 10496K, reserved 1048576K
}

Deoptimization events (0 events):
No events

Internal exceptions (10 events):
Event: 1021.867 Thread 0x0000000021679000 Exception <a 'java/security/PrivilegedActionException'> (0x000000079b384408) thrown at [C:\workspace\8-2-build-windows-amd64-cygwin\jdk8u31\2394\hotspot\src\share\vm\prims\jvm.cpp, line 1312]
Event: 1021.867 Thread 0x0000000021679000 Exception <a 'java/security/PrivilegedActionException'> (0x000000079b384bf8) thrown at [C:\workspace\8-2-build-windows-amd64-cygwin\jdk8u31\2394\hotspot\src\share\vm\prims\jvm.cpp, line 1312]
Event: 1021.867 Thread 0x0000000021679000 Exception <a 'java/security/PrivilegedActionException'> (0x000000079b3925d8) thrown at [C:\workspace\8-2-build-windows-amd64-cygwin\jdk8u31\2394\hotspot\src\share\vm\prims\jvm.cpp, line 1312]
Event: 1021.867 Thread 0x0000000021679000 Exception <a 'java/security/PrivilegedActionException'> (0x000000079b392b90) thrown at [C:\workspace\8-2-build-windows-amd64-cygwin\jdk8u31\2394\hotspot\src\share\vm\prims\jvm.cpp, line 1312]
Event: 1021.868 Thread 0x0000000021679000 Exception <a 'java/security/PrivilegedActionException'> (0x000000079b3a1440) thrown at [C:\workspace\8-2-build-windows-amd64-cygwin\jdk8u31\2394\hotspot\src\share\vm\prims\jvm.cpp, line 1312]
Event: 1021.868 Thread 0x0000000021679000 Exception <a 'java/security/PrivilegedActionException'> (0x000000079b3a1c60) thrown at [C:\workspace\8-2-build-windows-amd64-cygwin\jdk8u31\2394\hotspot\src\share\vm\prims\jvm.cpp, line 1312]
Event: 1021.868 Thread 0x0000000021679000 Exception <a 'java/security/PrivilegedActionException'> (0x000000079b3b04d0) thrown at [C:\workspace\8-2-build-windows-amd64-cygwin\jdk8u31\2394\hotspot\src\share\vm\prims\jvm.cpp, line 1312]
Event: 1029.767 Thread 0x0000000021675000 Exception <a 'java/security/PrivilegedActionException'> (0x000000079b5b0108) thrown at [C:\workspace\8-2-build-windows-amd64-cygwin\jdk8u31\2394\hotspot\src\share\vm\prims\jvm.cpp, line 1312]
Event: 1029.768 Thread 0x0000000021675000 Exception <a 'java/lang/ArrayIndexOutOfBoundsException'> (0x000000079b5c0c88) thrown at [C:\workspace\8-2-build-windows-amd64-cygwin\jdk8u31\2394\hotspot\src\share\vm\runtime\sharedRuntime.cpp, line 604]
Event: 1115.200 Thread 0x0000000021676000 Exception <a 'java/security/PrivilegedActionException'> (0x00000007961f51d8) thrown at [C:\workspace\8-2-build-windows-amd64-cygwin\jdk8u31\2394\hotspot\src\share\vm\prims\jvm.cpp, line 1312]

Events (10 events):
Event: 1801.388 Executing VM operation: ChangeBreakpoints
Event: 1801.391 Executing VM operation: ChangeBreakpoints done
Event: 1801.422 Executing VM operation: ChangeBreakpoints
Event: 1801.425 Executing VM operation: ChangeBreakpoints done
Event: 1801.426 Executing VM operation: ChangeBreakpoints
Event: 1801.428 Executing VM operation: ChangeBreakpoints done
Event: 1801.443 Executing VM operation: ChangeBreakpoints
Event: 1801.446 Executing VM operation: ChangeBreakpoints done
Event: 1801.446 Executing VM operation: ChangeBreakpoints
Event: 1801.450 Executing VM operation: ChangeBreakpoints done


Dynamic libraries:
0x00007ff793380000 - 0x00007ff7933b4000 	C:\Program Files\Java\jdk1.8.0_31\bin\java.exe
0x00007ffafe060000 - 0x00007ffafe240000 	C:\WINDOWS\SYSTEM32\ntdll.dll
0x00007ffafb9a0000 - 0x00007ffafba4e000 	C:\WINDOWS\System32\KERNEL32.DLL
0x00007ffafb2c0000 - 0x00007ffafb526000 	C:\WINDOWS\System32\KERNELBASE.dll
0x00007ffafda90000 - 0x00007ffafdb31000 	C:\WINDOWS\System32\ADVAPI32.dll
0x00007ffafbf10000 - 0x00007ffafbfad000 	C:\WINDOWS\System32\msvcrt.dll
0x00007ffafbe40000 - 0x00007ffafbe9b000 	C:\WINDOWS\System32\sechost.dll
0x00007ffafd930000 - 0x00007ffafda4f000 	C:\WINDOWS\System32\RPCRT4.dll
0x00007ffafbb60000 - 0x00007ffafbcef000 	C:\WINDOWS\System32\USER32.dll
0x00007ffafa930000 - 0x00007ffafa950000 	C:\WINDOWS\System32\win32u.dll
0x00007ffafb600000 - 0x00007ffafb628000 	C:\WINDOWS\System32\GDI32.dll
0x00007ffafa790000 - 0x00007ffafa923000 	C:\WINDOWS\System32\gdi32full.dll
0x00007ffafb0a0000 - 0x00007ffafb13b000 	C:\WINDOWS\System32\msvcp_win.dll
0x00007ffafb140000 - 0x00007ffafb236000 	C:\WINDOWS\System32\ucrtbase.dll
0x00007ffaebf10000 - 0x00007ffaec179000 	C:\WINDOWS\WinSxS\amd64_microsoft.windows.common-controls_6595b64144ccf1df_6.0.16299.248_none_15ced204935f55d7\COMCTL32.dll
0x00007ffafb630000 - 0x00007ffafb938000 	C:\WINDOWS\System32\combase.dll
0x00007ffafb240000 - 0x00007ffafb2b2000 	C:\WINDOWS\System32\bcryptPrimitives.dll
0x00007ffafda50000 - 0x00007ffafda7d000 	C:\WINDOWS\System32\IMM32.DLL
0x00000000534a0000 - 0x0000000053572000 	C:\Program Files\Java\jdk1.8.0_31\jre\bin\msvcr100.dll
0x0000000050a40000 - 0x000000005129a000 	C:\Program Files\Java\jdk1.8.0_31\jre\bin\server\jvm.dll
0x00007ffafd920000 - 0x00007ffafd928000 	C:\WINDOWS\System32\PSAPI.DLL
0x00007ffae7190000 - 0x00007ffae7199000 	C:\WINDOWS\SYSTEM32\WSOCK32.dll
0x00007ffafbea0000 - 0x00007ffafbf0c000 	C:\WINDOWS\System32\WS2_32.dll
0x00007ffaf6e50000 - 0x00007ffaf6e73000 	C:\WINDOWS\SYSTEM32\WINMM.dll
0x00007ffaf6df0000 - 0x00007ffaf6e1a000 	C:\WINDOWS\SYSTEM32\WINMMBASE.dll
0x00007ffafa740000 - 0x00007ffafa78a000 	C:\WINDOWS\System32\cfgmgr32.dll
0x0000000053490000 - 0x000000005349f000 	C:\Program Files\Java\jdk1.8.0_31\jre\bin\verify.dll
0x0000000053460000 - 0x0000000053488000 	C:\Program Files\Java\jdk1.8.0_31\jre\bin\java.dll
0x0000000053400000 - 0x0000000053435000 	C:\Program Files\Java\jdk1.8.0_31\jre\bin\jdwp.dll
0x00000000533f0000 - 0x00000000533f8000 	C:\Program Files\Java\jdk1.8.0_31\jre\bin\npt.dll
0x0000000053440000 - 0x0000000053456000 	C:\Program Files\Java\jdk1.8.0_31\jre\bin\zip.dll
0x00007ffafc120000 - 0x00007ffafd556000 	C:\WINDOWS\System32\SHELL32.dll
0x00007ffafbd90000 - 0x00007ffafbe36000 	C:\WINDOWS\System32\shcore.dll
0x00007ffafa950000 - 0x00007ffafb097000 	C:\WINDOWS\System32\windows.storage.dll
0x00007ffafb940000 - 0x00007ffafb991000 	C:\WINDOWS\System32\shlwapi.dll
0x00007ffafa440000 - 0x00007ffafa451000 	C:\WINDOWS\System32\kernel.appcore.dll
0x00007ffafa3d0000 - 0x00007ffafa41c000 	C:\WINDOWS\System32\powrprof.dll
0x00007ffafa3b0000 - 0x00007ffafa3cb000 	C:\WINDOWS\System32\profapi.dll
0x00000000533e0000 - 0x00000000533e9000 	C:\Program Files\Java\jdk1.8.0_31\jre\bin\dt_socket.dll
0x00007ffaf9bd0000 - 0x00007ffaf9c36000 	C:\WINDOWS\system32\mswsock.dll
0x00000000533c0000 - 0x00000000533da000 	C:\Program Files\Java\jdk1.8.0_31\jre\bin\net.dll
0x00007ffad9710000 - 0x00007ffad9726000 	C:\WINDOWS\system32\napinsp.dll
0x00007ffad9880000 - 0x00007ffad989a000 	C:\WINDOWS\system32\pnrpnsp.dll
0x00007ffaf7560000 - 0x00007ffaf7578000 	C:\WINDOWS\system32\NLAapi.dll
0x00007ffaf99a0000 - 0x00007ffaf9a56000 	C:\WINDOWS\SYSTEM32\DNSAPI.dll
0x00007ffafda80000 - 0x00007ffafda88000 	C:\WINDOWS\System32\NSI.dll
0x00007ffaf9960000 - 0x00007ffaf9999000 	C:\WINDOWS\SYSTEM32\IPHLPAPI.DLL
0x00007ffada620000 - 0x00007ffada62e000 	C:\WINDOWS\System32\winrnr.dll
0x0000000063560000 - 0x0000000063569000 	C:\Program Files\National Instruments\Shared\mDNS Responder\nimdnsNSP.dll
0x0000000063550000 - 0x000000006355e000 	C:\WINDOWS\SYSTEM32\nimdnsResponder.dll
0x00000000535a0000 - 0x0000000053643000 	C:\WINDOWS\WinSxS\amd64_microsoft.vc90.crt_1fc8b3b9a1e18e3b_9.0.30729.9317_none_08e0939fa840d57b\MSVCR90.dll
0x00007ffaf49f0000 - 0x00007ffaf49fa000 	C:\Windows\System32\rasadhlp.dll
0x00007ffaf4a30000 - 0x00007ffaf4aa0000 	C:\WINDOWS\System32\fwpuclnt.dll
0x00007ffaf9ea0000 - 0x00007ffaf9ec5000 	C:\WINDOWS\SYSTEM32\bcrypt.dll
0x0000000053390000 - 0x000000005339d000 	C:\Program Files\Java\jdk1.8.0_31\jre\bin\management.dll
0x00000000533a0000 - 0x00000000533b1000 	C:\Program Files\Java\jdk1.8.0_31\jre\bin\nio.dll
0x0000000053380000 - 0x0000000053389000 	C:\Program Files\Java\jdk1.8.0_31\jre\bin\attach.dll
0x00007ffaf9d90000 - 0x00007ffaf9da7000 	C:\WINDOWS\SYSTEM32\CRYPTSP.dll
0x00007ffaf97e0000 - 0x00007ffaf9813000 	C:\WINDOWS\system32\rsaenh.dll
0x00007ffafa270000 - 0x00007ffafa299000 	C:\WINDOWS\SYSTEM32\USERENV.dll
0x00007ffaf9db0000 - 0x00007ffaf9dbb000 	C:\WINDOWS\SYSTEM32\CRYPTBASE.dll
0x00007ffaf4c30000 - 0x00007ffaf4c46000 	C:\WINDOWS\SYSTEM32\dhcpcsvc6.DLL
0x00007ffaf4ce0000 - 0x00007ffaf4cfa000 	C:\WINDOWS\SYSTEM32\dhcpcsvc.DLL
0x0000000053350000 - 0x0000000053373000 	C:\Program Files\Java\jdk1.8.0_31\jre\bin\instrument.dll
0x0000000052450000 - 0x00000000525e8000 	C:\Program Files\Java\jdk1.8.0_31\jre\bin\awt.dll
0x00007ffafb530000 - 0x00007ffafb5f5000 	C:\WINDOWS\System32\OLEAUT32.dll
0x00007ffaf7d90000 - 0x00007ffaf7e18000 	C:\WINDOWS\SYSTEM32\apphelp.dll
0x00007ffaf89c0000 - 0x00007ffaf89ea000 	C:\WINDOWS\system32\DWMAPI.DLL
0x00007ffaf86c0000 - 0x00007ffaf8755000 	C:\WINDOWS\system32\uxtheme.dll
0x0000000053300000 - 0x0000000053347000 	C:\Program Files\Java\jdk1.8.0_31\jre\bin\fontmanager.dll
0x00000000532b0000 - 0x00000000532f1000 	C:\Program Files\Java\jdk1.8.0_31\jre\bin\t2k.dll
0x0000000053270000 - 0x00000000532a1000 	C:\Program Files\Java\jdk1.8.0_31\jre\bin\jpeg.dll
0x00007ffaeded0000 - 0x00007ffaee098000 	C:\WINDOWS\SYSTEM32\dbghelp.dll

VM Arguments:
jvm_args: -agentlib:jdwp=transport=dt_socket,address=127.0.0.1:40504,suspend=y,server=n -XX:TieredStopAtLevel=1 -Xverify:none -Dspring.output.ansi.enabled=always -Dfile.encoding=UTF-8 
java_command: net.liuxuan.ApplicationMain
java_class_path (initial): C:\Program Files\Java\jdk1.8.0_31\jre\lib\charsets.jar;C:\Program Files\Java\jdk1.8.0_31\jre\lib\deploy.jar;C:\Program Files\Java\jdk1.8.0_31\jre\lib\ext\access-bridge-64.jar;C:\Program Files\Java\jdk1.8.0_31\jre\lib\ext\cldrdata.jar;C:\Program Files\Java\jdk1.8.0_31\jre\lib\ext\dnsns.jar;C:\Program Files\Java\jdk1.8.0_31\jre\lib\ext\jaccess.jar;C:\Program Files\Java\jdk1.8.0_31\jre\lib\ext\jfxrt.jar;C:\Program Files\Java\jdk1.8.0_31\jre\lib\ext\localedata.jar;C:\Program Files\Java\jdk1.8.0_31\jre\lib\ext\nashorn.jar;C:\Program Files\Java\jdk1.8.0_31\jre\lib\ext\sunec.jar;C:\Program Files\Java\jdk1.8.0_31\jre\lib\ext\sunjce_provider.jar;C:\Program Files\Java\jdk1.8.0_31\jre\lib\ext\sunmscapi.jar;C:\Program Files\Java\jdk1.8.0_31\jre\lib\ext\sunpkcs11.jar;C:\Program Files\Java\jdk1.8.0_31\jre\lib\ext\zipfs.jar;C:\Program Files\Java\jdk1.8.0_31\jre\lib\javaws.jar;C:\Program Files\Java\jdk1.8.0_31\jre\lib\jce.jar;C:\Program Files\Java\jdk1.8.0_31\jre\lib\jfr.jar;C:\Program Files\Java\jdk1.8.0_31\jre\lib\jfxswt.jar;C:\Program Files\Java\jdk1.8.0_31\jre\lib\jsse.jar;C:\Program Files\Java\jdk1.8.0_31\jre\lib\management-agent.jar;C:\Program Files\Java\jdk1.8.0_31\jre\lib\plugin.jar;C:\Program Files\Java\jdk1.8.0_31\jre\lib\resources.jar;C:\Program Files\Java\jdk1.8.0_31\jre\lib\rt.jar;F:\SyncDisk\Dropbox\Workspaces\Maven\SpringBootTest\target\classes;C:\Program Files\Java\jdk1.8.0_31\lib\tools.jar;C:\Program Files\Java\jdk1.8.0_31\lib\jconsole.jar;F:\SyncDisk\Dropbox\Workspaces\Maven\SpringBootTest\src\main\resources\lib\ocr_sdk-1.3.6.jar;D:\repo\org\springframework\boot\spring-boot-starter-web\1.5.1.RELEASE\spring-boot-starter-web-1.5.1.RELEASE.jar;D:\repo\org\springframework\boot\spring-boot-starter\1.5.1.RELEASE\spring-boot-starter-1.5.1.RELEASE.jar;D:\repo\org\springframework\boot\spring-boot-starter-logging\1.5.1.RELEASE\spring-boot-starter-logging-1.5.1.RELEASE.jar;D:\repo\org\slf4j\jul-to-slf4j\1.7.22\jul-to-slf4j-1.7.22.jar;D:\repo\org\
Launcher Type: SUN_STANDARD

Environment Variables:
JAVA_HOME=C:\Program Files\Java\jdk1.8.0_31
USERNAME=Moses
OS=Windows_NT
PROCESSOR_IDENTIFIER=Intel64 Family 6 Model 60 Stepping 3, GenuineIntel



---------------  S Y S T E M  ---------------

OS: Windows 8.1 , 64 bit Build 9600 

CPU:total 2 (2 cores per cpu, 1 threads per core) family 6 model 60 stepping 3, cmov, cx8, fxsr, mmx, sse, sse2, sse3, ssse3, sse4.1, sse4.2, popcnt, clmul, erms, lzcnt, tsc, tscinvbit

Memory: 4k page, physical 12523724k(2230520k free), swap 22485196k(2762032k free)

vm_info: Java HotSpot(TM) 64-Bit Server VM (25.31-b07) for windows-amd64 JRE (1.8.0_31-b13), built on Dec 17 2014 21:00:28 by "java_re" with MS VC++ 10.0 (VS2010)

time: Wed Mar 07 14:11:10 2018
elapsed time: 1802 seconds (0d 0h 30m 2s)

