2017-03-16 01:00:00.029  INFO 6364 --- [schedulerFactoryBean_Worker-8] net.liuxuan.spring.mvc.utilconf.QuartzJobs.DataBackupJob     :
                数据库备份指令：  mysqldump  -uroot -p123456 spring > d:\backup\spring_2017-03-16_01-00-00.sql
2017-03-16 01:00:00.100  INFO 6364 --- [schedulerFactoryBean_Worker-8] net.liuxuan.spring.mvc.utilconf.QuartzJobs.DataBackupJob     :
                Success Backup to  d:\backup/spring_2017-03-16_01-00-00.sql  ,Finished at:2017-03-16_01-00-00
2017-03-16 01:00:00.113  INFO 6364 --- [schedulerFactoryBean_Worker-8] net.liuxuan.spring.mvc.utilconf.QuartzJobs.DataBackupJob     :
                文件备份指令：  robocopy  /XO /E  F:\SyncDisk\Dropbox\Workspaces\Maven\SpringBootTest\target\classes\.\static\uploaded d:\backup\attachments >> d:\backup\attachments\backup.log
2017-03-16 01:00:00.120  INFO 6364 --- [schedulerFactoryBean_Worker-8] net.liuxuan.spring.mvc.utilconf.QuartzJobs.DataBackupJob     :
                Success Backup to  d:\backup\attachments\backup.log  ,Finished at:2017-03-16_01-00-00
2017-03-16 01:00:00.329  INFO 6364 --- [schedulerFactoryBean_Worker-8] net.liuxuan.spring.mvc.utilconf.QuartzJobs.DataBackupJob     :
                压缩了sql文件
2017-03-16 14:12:43.845  INFO 6364 --- [http-nio-0.0.0.0-80-exec-3] net.liuxuan.spring.mvc.TestUrlInterceptor                    :
                Access Log, User:NULL ,url:GET http://ulai.xin/? 
2017-03-16 14:13:00.630  INFO 6364 --- [http-nio-0.0.0.0-80-exec-3] net.liuxuan.spring.mvc.TestUrlInterceptor                    :
                Access Log, User:NULL ,url:GET http://ulai.xin/activity/last10? 
2017-03-16 17:12:24.890  INFO 6364 --- [pool-2-thread-1] org.apdplat.word.util.DirectoryWatcher                       :
                contextPath:application.properties
2017-03-16 17:12:24.901  INFO 6364 --- [pool-2-thread-1] org.apdplat.word.util.DirectoryWatcher                       :
                directoryPath:F:\SyncDisk\Dropbox\Workspaces\Maven\SpringBootTest\target\classes\config
2017-03-16 17:12:24.979  INFO 6364 --- [pool-2-thread-1] org.apdplat.word.util.DirectoryWatcher                       :
                absolutePath:F:\SyncDisk\Dropbox\Workspaces\Maven\SpringBootTest\target\classes\config\application.properties
2017-03-16 17:12:24.988  INFO 6364 --- [pool-2-thread-1] org.apdplat.word.util.DirectoryWatcher                       :
                kind:ENTRY_MODIFY
2017-03-16 17:12:24.988  INFO 6364 --- [pool-2-thread-1] org.apdplat.word.util.DirectoryWatcher                       :
                修改：F:\SyncDisk\Dropbox\Workspaces\Maven\SpringBootTest\target\classes\config\application.properties
