2016-02-17 17:05:52.918  INFO 142388 --- [restartedMain] net.liuxuan.ApplicationMain              :
                Starting ApplicationMain on DESKTOP-64JVGQ5 with PID 142388 (F:\SyncDisk\Dropbox\Workspaces\Maven\SpringBootTest\target\classes started by Moses in F:\SyncDisk\Dropbox\Workspaces\Maven\SpringBootTest)
2016-02-17 17:05:52.947  INFO 142388 --- [restartedMain] net.liuxuan.ApplicationMain              :
                No active profile set, falling back to default profiles: default
2016-02-17 17:05:53.117  INFO 142388 --- [background-preinit] o.h.validator.internal.util.Version      :
                HV000001: Hibernate Validator 5.2.2.Final
2016-02-17 17:05:53.385  INFO 142388 --- [restartedMain] ationConfigEmbeddedWebApplicationContext :
                Refreshing org.springframework.boot.context.embedded.AnnotationConfigEmbeddedWebApplicationContext@101b59f: startup date [Wed Feb 17 17:05:53 CST 2016]; root of context hierarchy
2016-02-17 17:05:57.584  INFO 142388 --- [restartedMain] trationDelegate$BeanPostProcessorChecker :
                Bean 'org.springframework.transaction.annotation.ProxyTransactionManagementConfiguration' of type [class org.springframework.transaction.annotation.ProxyTransactionManagementConfiguration$$EnhancerBySpringCGLIB$$779e308] is not eligible for getting processed by all BeanPostProcessors (for example: not eligible for auto-proxying)
2016-02-17 17:05:57.674  INFO 142388 --- [restartedMain] trationDelegate$BeanPostProcessorChecker :
                Bean 'org.springframework.security.config.annotation.configuration.ObjectPostProcessorConfiguration' of type [class org.springframework.security.config.annotation.configuration.ObjectPostProcessorConfiguration$$EnhancerBySpringCGLIB$$309b2c02] is not eligible for getting processed by all BeanPostProcessors (for example: not eligible for auto-proxying)
2016-02-17 17:05:57.700  INFO 142388 --- [restartedMain] trationDelegate$BeanPostProcessorChecker :
                Bean 'objectPostProcessor' of type [class org.springframework.security.config.annotation.configuration.AutowireBeanFactoryObjectPostProcessor] is not eligible for getting processed by all BeanPostProcessors (for example: not eligible for auto-proxying)
2016-02-17 17:05:57.703  INFO 142388 --- [restartedMain] trationDelegate$BeanPostProcessorChecker :
                Bean 'org.springframework.security.access.expression.method.DefaultMethodSecurityExpressionHandler@2fdc5438' of type [class org.springframework.security.access.expression.method.DefaultMethodSecurityExpressionHandler] is not eligible for getting processed by all BeanPostProcessors (for example: not eligible for auto-proxying)
2016-02-17 17:05:57.714  INFO 142388 --- [restartedMain] trationDelegate$BeanPostProcessorChecker :
                Bean 'org.springframework.security.config.annotation.method.configuration.GlobalMethodSecurityConfiguration' of type [class org.springframework.security.config.annotation.method.configuration.GlobalMethodSecurityConfiguration$$EnhancerBySpringCGLIB$$e3796074] is not eligible for getting processed by all BeanPostProcessors (for example: not eligible for auto-proxying)
2016-02-17 17:05:57.742  INFO 142388 --- [restartedMain] trationDelegate$BeanPostProcessorChecker :
                Bean 'methodSecurityMetadataSource' of type [class org.springframework.security.access.method.DelegatingMethodSecurityMetadataSource] is not eligible for getting processed by all BeanPostProcessors (for example: not eligible for auto-proxying)
2016-02-17 17:05:59.683  INFO 142388 --- [restartedMain] s.b.c.e.t.TomcatEmbeddedServletContainer :
                Tomcat initialized with port(s): 80 (http)
2016-02-17 17:05:59.774  INFO 142388 --- [restartedMain] o.apache.catalina.core.StandardService   :
                Starting service Tomcat
2016-02-17 17:05:59.775  INFO 142388 --- [restartedMain] org.apache.catalina.core.StandardEngine  :
                Starting Servlet Engine: Apache Tomcat/8.0.30
2016-02-17 17:06:00.777  INFO 142388 --- [localhost-startStop-1] o.a.c.c.C.[Tomcat].[localhost].[/]       :
                Initializing Spring embedded WebApplicationContext
2016-02-17 17:06:00.779  INFO 142388 --- [localhost-startStop-1] o.s.web.context.ContextLoader            :
                Root WebApplicationContext: initialization completed in 7394 ms
2016-02-17 17:06:02.201  INFO 142388 --- [localhost-startStop-1] o.s.b.c.embedded.FilterRegistrationBean  :
                Mapping filter: 'characterEncodingFilter' to: [/*]
2016-02-17 17:06:02.202  INFO 142388 --- [localhost-startStop-1] o.s.b.c.embedded.FilterRegistrationBean  :
                Mapping filter: 'hiddenHttpMethodFilter' to: [/*]
2016-02-17 17:06:02.202  INFO 142388 --- [localhost-startStop-1] o.s.b.c.embedded.FilterRegistrationBean  :
                Mapping filter: 'httpPutFormContentFilter' to: [/*]
2016-02-17 17:06:02.203  INFO 142388 --- [localhost-startStop-1] o.s.b.c.embedded.FilterRegistrationBean  :
                Mapping filter: 'requestContextFilter' to: [/*]
2016-02-17 17:06:02.204  INFO 142388 --- [localhost-startStop-1] .e.DelegatingFilterProxyRegistrationBean :
                Mapping filter: 'springSecurityFilterChain' to: [/*]
2016-02-17 17:06:02.205  INFO 142388 --- [localhost-startStop-1] o.s.b.c.embedded.FilterRegistrationBean  :
                Mapping filter: 'mvcFilter' to urls: [/bb]
2016-02-17 17:06:02.206  INFO 142388 --- [localhost-startStop-1] o.s.b.c.e.ServletRegistrationBean        :
                Mapping servlet: 'dispatcherServlet' to [/]
2016-02-17 17:06:02.208  INFO 142388 --- [localhost-startStop-1] o.s.b.c.e.ServletRegistrationBean        :
                Mapping servlet: 'mvcServlet' to [/]
2016-02-17 17:06:03.072  INFO 142388 --- [localhost-startStop-1] j.LocalContainerEntityManagerFactoryBean :
                Building JPA container EntityManagerFactory for persistence unit 'default'
2016-02-17 17:06:03.090  INFO 142388 --- [localhost-startStop-1] o.hibernate.jpa.internal.util.LogHelper  :
                HHH000204: Processing PersistenceUnitInfo [
	name: default
	...]
2016-02-17 17:06:03.296  INFO 142388 --- [localhost-startStop-1] org.hibernate.Version                    :
                HHH000412: Hibernate Core {4.3.11.Final}
2016-02-17 17:06:03.310  INFO 142388 --- [localhost-startStop-1] org.hibernate.cfg.Environment            :
                HHH000206: hibernate.properties not found
2016-02-17 17:06:03.311  INFO 142388 --- [localhost-startStop-1] org.hibernate.cfg.Environment            :
                HHH000021: Bytecode provider name : javassist
2016-02-17 17:06:03.930  INFO 142388 --- [localhost-startStop-1] o.hibernate.annotations.common.Version   :
                HCANN000001: Hibernate Commons Annotations {4.0.5.Final}
2016-02-17 17:06:04.599  INFO 142388 --- [localhost-startStop-1] org.hibernate.dialect.Dialect            :
                HHH000400: Using dialect: org.hibernate.dialect.MySQL5Dialect
2016-02-17 17:06:04.843  WARN 142388 --- [localhost-startStop-1] org.hibernate.mapping.RootClass          :
                HHH000038: Composite-id class does not override equals(): net.liuxuan.SprKi.entity.security.Authorities
2016-02-17 17:06:04.843  WARN 142388 --- [localhost-startStop-1] org.hibernate.mapping.RootClass          :
                HHH000039: Composite-id class does not override hashCode(): net.liuxuan.SprKi.entity.security.Authorities
2016-02-17 17:06:04.852  INFO 142388 --- [localhost-startStop-1] o.h.h.i.ast.ASTQueryTranslatorFactory    :
                HHH000397: Using ASTQueryTranslatorFactory
2016-02-17 17:06:05.246  INFO 142388 --- [localhost-startStop-1] org.hibernate.tool.hbm2ddl.SchemaUpdate  :
                HHH000228: Running hbm2ddl schema update
2016-02-17 17:06:05.246  INFO 142388 --- [localhost-startStop-1] org.hibernate.tool.hbm2ddl.SchemaUpdate  :
                HHH000102: Fetching database metadata
2016-02-17 17:06:05.248  INFO 142388 --- [localhost-startStop-1] org.hibernate.tool.hbm2ddl.SchemaUpdate  :
                HHH000396: Updating schema
2016-02-17 17:06:05.311  INFO 142388 --- [localhost-startStop-1] o.hibernate.tool.hbm2ddl.TableMetadata   :
                HHH000261: Table found: spring.sprki_authorities
2016-02-17 17:06:05.313  INFO 142388 --- [localhost-startStop-1] o.hibernate.tool.hbm2ddl.TableMetadata   :
                HHH000037: Columns: [authority, username]
2016-02-17 17:06:05.314  INFO 142388 --- [localhost-startStop-1] o.hibernate.tool.hbm2ddl.TableMetadata   :
                HHH000108: Foreign keys: [fk_hpaossout1kdwdp73r985jndj]
2016-02-17 17:06:05.314  INFO 142388 --- [localhost-startStop-1] o.hibernate.tool.hbm2ddl.TableMetadata   :
                HHH000126: Indexes: [primary]
2016-02-17 17:06:05.363  INFO 142388 --- [localhost-startStop-1] o.hibernate.tool.hbm2ddl.TableMetadata   :
                HHH000261: Table found: spring.sprki_banner
2016-02-17 17:06:05.363  INFO 142388 --- [localhost-startStop-1] o.hibernate.tool.hbm2ddl.TableMetadata   :
                HHH000037: Columns: [name, id]
2016-02-17 17:06:05.364  INFO 142388 --- [localhost-startStop-1] o.hibernate.tool.hbm2ddl.TableMetadata   :
                HHH000108: Foreign keys: []
2016-02-17 17:06:05.364  INFO 142388 --- [localhost-startStop-1] o.hibernate.tool.hbm2ddl.TableMetadata   :
                HHH000126: Indexes: [primary]
2016-02-17 17:06:05.386  INFO 142388 --- [localhost-startStop-1] o.hibernate.tool.hbm2ddl.TableMetadata   :
                HHH000261: Table found: spring.sprki_user
2016-02-17 17:06:05.387  INFO 142388 --- [localhost-startStop-1] o.hibernate.tool.hbm2ddl.TableMetadata   :
                HHH000037: Columns: [password, regdate, username_alias, enabled, username]
2016-02-17 17:06:05.387  INFO 142388 --- [localhost-startStop-1] o.hibernate.tool.hbm2ddl.TableMetadata   :
                HHH000108: Foreign keys: []
2016-02-17 17:06:05.387  INFO 142388 --- [localhost-startStop-1] o.hibernate.tool.hbm2ddl.TableMetadata   :
                HHH000126: Indexes: [primary]
2016-02-17 17:06:05.387  INFO 142388 --- [localhost-startStop-1] org.hibernate.tool.hbm2ddl.SchemaUpdate  :
                HHH000232: Schema update complete
2016-02-17 17:06:06.566  INFO 142388 --- [localhost-startStop-1] o.s.s.web.DefaultSecurityFilterChain     :
                Creating filter chain: org.springframework.security.web.util.matcher.AnyRequestMatcher@1, [org.springframework.security.web.context.request.async.WebAsyncManagerIntegrationFilter@555f4a12, org.springframework.security.web.context.SecurityContextPersistenceFilter@4f575111, org.springframework.security.web.header.HeaderWriterFilter@669d8d45, org.springframework.security.web.csrf.CsrfFilter@4f632b8f, org.springframework.security.web.authentication.logout.LogoutFilter@2a755ca7, org.springframework.security.web.authentication.UsernamePasswordAuthenticationFilter@5ae1b304, org.springframework.security.web.savedrequest.RequestCacheAwareFilter@6ecd4037, org.springframework.security.web.servletapi.SecurityContextHolderAwareRequestFilter@2878a473, org.springframework.security.web.authentication.AnonymousAuthenticationFilter@43cfeecd, org.springframework.security.web.session.SessionManagementFilter@267f94a4, org.springframework.security.web.access.ExceptionTranslationFilter@1e71f751, org.springframework.security.web.access.intercept.FilterSecurityInterceptor@3fbda453]
2016-02-17 17:06:06.729  INFO 142388 --- [restartedMain] b.a.s.AuthenticationManagerConfiguration :
                

Using default security password: d556c73e-cd45-43c9-b77c-914370798de1

2016-02-17 17:06:08.090  INFO 142388 --- [restartedMain] s.w.s.m.m.a.RequestMappingHandlerAdapter :
                Looking for @ControllerAdvice: org.springframework.boot.context.embedded.AnnotationConfigEmbeddedWebApplicationContext@101b59f: startup date [Wed Feb 17 17:05:53 CST 2016]; root of context hierarchy
2016-02-17 17:06:08.177  INFO 142388 --- [restartedMain] n.liuxuan.spring.mvc.TestUrlInterceptor  :
                --------------- TestUrlInterceptor initialize -------------
2016-02-17 17:06:08.270  INFO 142388 --- [restartedMain] s.w.s.m.m.a.RequestMappingHandlerMapping :
                Mapped "{[/foo]}" onto public java.lang.String net.liuxuan.springboottest.GreetingController.foo()
2016-02-17 17:06:08.274  INFO 142388 --- [restartedMain] s.w.s.m.m.a.RequestMappingHandlerMapping :
                Mapped "{[/msg/delete/{id}]}" onto public org.springframework.web.servlet.ModelAndView net.liuxuan.springboottest.MessageController.delete(java.lang.Long)
2016-02-17 17:06:08.276  INFO 142388 --- [restartedMain] s.w.s.m.m.a.RequestMappingHandlerMapping :
                Mapped "{[/msg],methods=[POST]}" onto public org.springframework.web.servlet.ModelAndView net.liuxuan.springboottest.MessageController.create(net.liuxuan.springboottest.message.Message,org.springframework.validation.BindingResult,org.springframework.web.servlet.mvc.support.RedirectAttributes)
2016-02-17 17:06:08.280  INFO 142388 --- [restartedMain] s.w.s.m.m.a.RequestMappingHandlerMapping :
                Mapped "{[/msg]}" onto public org.springframework.web.servlet.ModelAndView net.liuxuan.springboottest.MessageController.list()
2016-02-17 17:06:08.280  INFO 142388 --- [restartedMain] s.w.s.m.m.a.RequestMappingHandlerMapping :
                Mapped "{[/msg/{id}]}" onto public org.springframework.web.servlet.ModelAndView net.liuxuan.springboottest.MessageController.view(net.liuxuan.springboottest.message.Message)
2016-02-17 17:06:08.280  INFO 142388 --- [restartedMain] s.w.s.m.m.a.RequestMappingHandlerMapping :
                Mapped "{[/msg/modify/{id}],methods=[GET]}" onto public org.springframework.web.servlet.ModelAndView net.liuxuan.springboottest.MessageController.modifyForm(net.liuxuan.springboottest.message.Message)
2016-02-17 17:06:08.281  INFO 142388 --- [restartedMain] s.w.s.m.m.a.RequestMappingHandlerMapping :
                Mapped "{[/msg],methods=[GET],params=[form]}" onto public java.lang.String net.liuxuan.springboottest.MessageController.createForm(net.liuxuan.springboottest.message.Message)
2016-02-17 17:06:08.281  INFO 142388 --- [restartedMain] s.w.s.m.m.a.RequestMappingHandlerMapping :
                Mapped "{[/greeting]}" onto public java.lang.String net.liuxuan.springboottest.MessageController.greeting(java.lang.String,org.springframework.ui.Model)
2016-02-17 17:06:08.284  INFO 142388 --- [restartedMain] s.w.s.m.m.a.RequestMappingHandlerMapping :
                Mapped "{[/asd]}" onto public java.lang.String net.liuxuan.springboottest.Test01.home()
2016-02-17 17:06:08.285  INFO 142388 --- [restartedMain] s.w.s.m.m.a.RequestMappingHandlerMapping :
                Mapped "{[/error]}" onto public java.lang.String net.liuxuan.SprKi.controller.ErrorHandleController.handleError(java.util.Map<java.lang.String, java.lang.Object>,org.springframework.validation.Errors)
2016-02-17 17:06:08.285  INFO 142388 --- [restartedMain] s.w.s.m.m.a.RequestMappingHandlerMapping :
                Mapped "{[/invalid]}" onto public java.lang.String net.liuxuan.SprKi.controller.ErrorHandleController.handleInvalid(java.util.Map<java.lang.String, java.lang.Object>,org.springframework.validation.Errors)
2016-02-17 17:06:08.287  INFO 142388 --- [restartedMain] s.w.s.m.m.a.RequestMappingHandlerMapping :
                Mapped "{[/]}" onto public java.lang.String net.liuxuan.SprKi.controller.IndexController.home(java.util.Map<java.lang.String, java.lang.Object>)
2016-02-17 17:06:08.439  INFO 142388 --- [restartedMain] o.s.w.s.handler.SimpleUrlHandlerMapping  :
                Mapped URL path [/resources/**] onto handler of type [class org.springframework.web.servlet.resource.ResourceHttpRequestHandler]
2016-02-17 17:06:08.440  INFO 142388 --- [restartedMain] o.s.w.s.handler.SimpleUrlHandlerMapping  :
                Mapped URL path [/webjars/**] onto handler of type [class org.springframework.web.servlet.resource.ResourceHttpRequestHandler]
2016-02-17 17:06:08.465  INFO 142388 --- [restartedMain] o.s.w.s.handler.SimpleUrlHandlerMapping  :
                Mapped URL path [/**] onto handler of type [class org.springframework.web.servlet.resource.ResourceHttpRequestHandler]
2016-02-17 17:06:08.534  INFO 142388 --- [restartedMain] o.s.w.s.handler.SimpleUrlHandlerMapping  :
                Mapped URL path [/**/favicon.ico] onto handler of type [class org.springframework.web.servlet.resource.ResourceHttpRequestHandler]
2016-02-17 17:06:09.478  INFO 142388 --- [restartedMain] o.s.b.d.a.OptionalLiveReloadServer       :
                LiveReload server is running on port 35729
2016-02-17 17:06:09.560  INFO 142388 --- [restartedMain] o.s.j.e.a.AnnotationMBeanExporter        :
                Registering beans for JMX exposure on startup
2016-02-17 17:06:09.617  INFO 142388 --- [restartedMain] o.a.coyote.http11.Http11NioProtocol      :
                Initializing ProtocolHandler ["http-nio-127.0.0.1-80"]
2016-02-17 17:06:09.627  INFO 142388 --- [restartedMain] o.a.coyote.http11.Http11NioProtocol      :
                Starting ProtocolHandler ["http-nio-127.0.0.1-80"]
2016-02-17 17:06:09.647  INFO 142388 --- [restartedMain] o.a.tomcat.util.net.NioSelectorPool      :
                Using a shared selector for servlet write/read
2016-02-17 17:06:09.676  INFO 142388 --- [restartedMain] s.b.c.e.t.TomcatEmbeddedServletContainer :
                Tomcat started on port(s): 80 (http)
2016-02-17 17:06:09.684  INFO 142388 --- [restartedMain] net.liuxuan.ApplicationMain              :
                Started ApplicationMain in 17.579 seconds (JVM running for 19.089)
2016-02-17 17:06:09.685  INFO 142388 --- [restartedMain] net.liuxuan.ApplicationMain              :
                
==============
Application Started
==============
2016-02-17 17:06:09.685  INFO 142388 --- [restartedMain] net.liuxuan.ApplicationMain              :
                ======info
2016-02-17 17:06:09.685  WARN 142388 --- [restartedMain] net.liuxuan.ApplicationMain              :
                ======warn
2016-02-17 17:06:09.685 ERROR 142388 --- [restartedMain] net.liuxuan.ApplicationMain              :
                ======error
2016-02-17 17:06:17.354  INFO 142388 --- [http-nio-127.0.0.1-80-exec-1] o.a.c.c.C.[Tomcat].[localhost].[/]       :
                Initializing Spring FrameworkServlet 'dispatcherServlet'
2016-02-17 17:06:17.356  INFO 142388 --- [http-nio-127.0.0.1-80-exec-1] o.s.web.servlet.DispatcherServlet        :
                FrameworkServlet 'dispatcherServlet': initialization started
2016-02-17 17:06:17.444  INFO 142388 --- [http-nio-127.0.0.1-80-exec-1] o.s.web.servlet.DispatcherServlet        :
                FrameworkServlet 'dispatcherServlet': initialization completed in 88 ms
2016-02-17 17:06:17.798 ERROR 142388 --- [http-nio-127.0.0.1-80-exec-3] o.a.c.c.C.[.[.[/].[dispatcherServlet]    :
                Servlet.service() for servlet dispatcherServlet threw exception

java.lang.IllegalStateException: An Errors/BindingResult argument is expected to be declared immediately after the model attribute, the @RequestBody or the @RequestPart arguments to which they apply: public java.lang.String net.liuxuan.SprKi.controller.ErrorHandleController.handleError(java.util.Map,org.springframework.validation.Errors)
	at org.springframework.web.method.annotation.ErrorsMethodArgumentResolver.resolveArgument(ErrorsMethodArgumentResolver.java:64) ~[spring-web-4.2.4.RELEASE.jar:4.2.4.RELEASE]
	at org.springframework.web.method.support.HandlerMethodArgumentResolverComposite.resolveArgument(HandlerMethodArgumentResolverComposite.java:78) ~[spring-web-4.2.4.RELEASE.jar:4.2.4.RELEASE]
	at org.springframework.web.method.support.InvocableHandlerMethod.getMethodArgumentValues(InvocableHandlerMethod.java:162) ~[spring-web-4.2.4.RELEASE.jar:4.2.4.RELEASE]
	at org.springframework.web.method.support.InvocableHandlerMethod.invokeForRequest(InvocableHandlerMethod.java:129) ~[spring-web-4.2.4.RELEASE.jar:4.2.4.RELEASE]
	at org.springframework.web.servlet.mvc.method.annotation.ServletInvocableHandlerMethod.invokeAndHandle(ServletInvocableHandlerMethod.java:110) ~[spring-webmvc-4.2.4.RELEASE.jar:4.2.4.RELEASE]
	at org.springframework.web.servlet.mvc.method.annotation.RequestMappingHandlerAdapter.invokeHandlerMethod(RequestMappingHandlerAdapter.java:814) ~[spring-webmvc-4.2.4.RELEASE.jar:4.2.4.RELEASE]
	at org.springframework.web.servlet.mvc.method.annotation.RequestMappingHandlerAdapter.handleInternal(RequestMappingHandlerAdapter.java:737) ~[spring-webmvc-4.2.4.RELEASE.jar:4.2.4.RELEASE]
	at org.springframework.web.servlet.mvc.method.AbstractHandlerMethodAdapter.handle(AbstractHandlerMethodAdapter.java:85) ~[spring-webmvc-4.2.4.RELEASE.jar:4.2.4.RELEASE]
	at org.springframework.web.servlet.DispatcherServlet.doDispatch(DispatcherServlet.java:959) ~[spring-webmvc-4.2.4.RELEASE.jar:4.2.4.RELEASE]
	at org.springframework.web.servlet.DispatcherServlet.doService(DispatcherServlet.java:893) ~[spring-webmvc-4.2.4.RELEASE.jar:4.2.4.RELEASE]
	at org.springframework.web.servlet.FrameworkServlet.processRequest(FrameworkServlet.java:969) ~[spring-webmvc-4.2.4.RELEASE.jar:4.2.4.RELEASE]
	at org.springframework.web.servlet.FrameworkServlet.doGet(FrameworkServlet.java:860) ~[spring-webmvc-4.2.4.RELEASE.jar:4.2.4.RELEASE]
	at javax.servlet.http.HttpServlet.service(HttpServlet.java:622) ~[tomcat-embed-core-8.0.30.jar:8.0.30]
	at org.springframework.web.servlet.FrameworkServlet.service(FrameworkServlet.java:845) ~[spring-webmvc-4.2.4.RELEASE.jar:4.2.4.RELEASE]
	at javax.servlet.http.HttpServlet.service(HttpServlet.java:729) ~[tomcat-embed-core-8.0.30.jar:8.0.30]
	at org.apache.catalina.core.ApplicationFilterChain.internalDoFilter(ApplicationFilterChain.java:291) ~[tomcat-embed-core-8.0.30.jar:8.0.30]
	at org.apache.catalina.core.ApplicationFilterChain.doFilter(ApplicationFilterChain.java:206) ~[tomcat-embed-core-8.0.30.jar:8.0.30]
	at org.apache.catalina.core.ApplicationDispatcher.invoke(ApplicationDispatcher.java:719) [tomcat-embed-core-8.0.30.jar:8.0.30]
	at org.apache.catalina.core.ApplicationDispatcher.processRequest(ApplicationDispatcher.java:467) [tomcat-embed-core-8.0.30.jar:8.0.30]
	at org.apache.catalina.core.ApplicationDispatcher.doForward(ApplicationDispatcher.java:390) [tomcat-embed-core-8.0.30.jar:8.0.30]
	at org.apache.catalina.core.ApplicationDispatcher.forward(ApplicationDispatcher.java:317) [tomcat-embed-core-8.0.30.jar:8.0.30]
	at org.apache.catalina.core.StandardHostValve.custom(StandardHostValve.java:445) [tomcat-embed-core-8.0.30.jar:8.0.30]
	at org.apache.catalina.core.StandardHostValve.status(StandardHostValve.java:304) [tomcat-embed-core-8.0.30.jar:8.0.30]
	at org.apache.catalina.core.StandardHostValve.invoke(StandardHostValve.java:181) [tomcat-embed-core-8.0.30.jar:8.0.30]
	at org.apache.catalina.valves.ErrorReportValve.invoke(ErrorReportValve.java:79) [tomcat-embed-core-8.0.30.jar:8.0.30]
	at org.apache.catalina.core.StandardEngineValve.invoke(StandardEngineValve.java:88) [tomcat-embed-core-8.0.30.jar:8.0.30]
	at org.apache.catalina.connector.CoyoteAdapter.service(CoyoteAdapter.java:521) [tomcat-embed-core-8.0.30.jar:8.0.30]
	at org.apache.coyote.http11.AbstractHttp11Processor.process(AbstractHttp11Processor.java:1096) [tomcat-embed-core-8.0.30.jar:8.0.30]
	at org.apache.coyote.AbstractProtocol$AbstractConnectionHandler.process(AbstractProtocol.java:674) [tomcat-embed-core-8.0.30.jar:8.0.30]
	at org.apache.tomcat.util.net.NioEndpoint$SocketProcessor.doRun(NioEndpoint.java:1500) [tomcat-embed-core-8.0.30.jar:8.0.30]
	at org.apache.tomcat.util.net.NioEndpoint$SocketProcessor.run(NioEndpoint.java:1456) [tomcat-embed-core-8.0.30.jar:8.0.30]
	at java.util.concurrent.ThreadPoolExecutor.runWorker(ThreadPoolExecutor.java:1142) [na:1.8.0_31]
	at java.util.concurrent.ThreadPoolExecutor$Worker.run(ThreadPoolExecutor.java:617) [na:1.8.0_31]
	at org.apache.tomcat.util.threads.TaskThread$WrappingRunnable.run(TaskThread.java:61) [tomcat-embed-core-8.0.30.jar:8.0.30]
	at java.lang.Thread.run(Thread.java:745) [na:1.8.0_31]

2016-02-17 17:06:18.169 ERROR 142388 --- [http-nio-127.0.0.1-80-exec-3] o.a.c.c.C.[Tomcat].[localhost]           :
                Exception Processing ErrorPage[errorCode=0, location=/error]

org.springframework.web.util.NestedServletException: Request processing failed; nested exception is java.lang.IllegalStateException: An Errors/BindingResult argument is expected to be declared immediately after the model attribute, the @RequestBody or the @RequestPart arguments to which they apply: public java.lang.String net.liuxuan.SprKi.controller.ErrorHandleController.handleError(java.util.Map,org.springframework.validation.Errors)
	at org.springframework.web.servlet.FrameworkServlet.processRequest(FrameworkServlet.java:981) ~[spring-webmvc-4.2.4.RELEASE.jar:4.2.4.RELEASE]
	at org.springframework.web.servlet.FrameworkServlet.doGet(FrameworkServlet.java:860) ~[spring-webmvc-4.2.4.RELEASE.jar:4.2.4.RELEASE]
	at javax.servlet.http.HttpServlet.service(HttpServlet.java:622) ~[tomcat-embed-core-8.0.30.jar:8.0.30]
	at org.springframework.web.servlet.FrameworkServlet.service(FrameworkServlet.java:845) ~[spring-webmvc-4.2.4.RELEASE.jar:4.2.4.RELEASE]
	at javax.servlet.http.HttpServlet.service(HttpServlet.java:729) ~[tomcat-embed-core-8.0.30.jar:8.0.30]
	at org.apache.catalina.core.ApplicationFilterChain.internalDoFilter(ApplicationFilterChain.java:291) ~[tomcat-embed-core-8.0.30.jar:8.0.30]
	at org.apache.catalina.core.ApplicationFilterChain.doFilter(ApplicationFilterChain.java:206) ~[tomcat-embed-core-8.0.30.jar:8.0.30]
	at org.apache.catalina.core.ApplicationDispatcher.invoke(ApplicationDispatcher.java:719) ~[tomcat-embed-core-8.0.30.jar:8.0.30]
	at org.apache.catalina.core.ApplicationDispatcher.processRequest(ApplicationDispatcher.java:467) ~[tomcat-embed-core-8.0.30.jar:8.0.30]
	at org.apache.catalina.core.ApplicationDispatcher.doForward(ApplicationDispatcher.java:390) ~[tomcat-embed-core-8.0.30.jar:8.0.30]
	at org.apache.catalina.core.ApplicationDispatcher.forward(ApplicationDispatcher.java:317) ~[tomcat-embed-core-8.0.30.jar:8.0.30]
	at org.apache.catalina.core.StandardHostValve.custom(StandardHostValve.java:445) [tomcat-embed-core-8.0.30.jar:8.0.30]
	at org.apache.catalina.core.StandardHostValve.status(StandardHostValve.java:304) [tomcat-embed-core-8.0.30.jar:8.0.30]
	at org.apache.catalina.core.StandardHostValve.invoke(StandardHostValve.java:181) [tomcat-embed-core-8.0.30.jar:8.0.30]
	at org.apache.catalina.valves.ErrorReportValve.invoke(ErrorReportValve.java:79) [tomcat-embed-core-8.0.30.jar:8.0.30]
	at org.apache.catalina.core.StandardEngineValve.invoke(StandardEngineValve.java:88) [tomcat-embed-core-8.0.30.jar:8.0.30]
	at org.apache.catalina.connector.CoyoteAdapter.service(CoyoteAdapter.java:521) [tomcat-embed-core-8.0.30.jar:8.0.30]
	at org.apache.coyote.http11.AbstractHttp11Processor.process(AbstractHttp11Processor.java:1096) [tomcat-embed-core-8.0.30.jar:8.0.30]
	at org.apache.coyote.AbstractProtocol$AbstractConnectionHandler.process(AbstractProtocol.java:674) [tomcat-embed-core-8.0.30.jar:8.0.30]
	at org.apache.tomcat.util.net.NioEndpoint$SocketProcessor.doRun(NioEndpoint.java:1500) [tomcat-embed-core-8.0.30.jar:8.0.30]
	at org.apache.tomcat.util.net.NioEndpoint$SocketProcessor.run(NioEndpoint.java:1456) [tomcat-embed-core-8.0.30.jar:8.0.30]
	at java.util.concurrent.ThreadPoolExecutor.runWorker(ThreadPoolExecutor.java:1142) [na:1.8.0_31]
	at java.util.concurrent.ThreadPoolExecutor$Worker.run(ThreadPoolExecutor.java:617) [na:1.8.0_31]
	at org.apache.tomcat.util.threads.TaskThread$WrappingRunnable.run(TaskThread.java:61) [tomcat-embed-core-8.0.30.jar:8.0.30]
	at java.lang.Thread.run(Thread.java:745) [na:1.8.0_31]
Caused by: java.lang.IllegalStateException: An Errors/BindingResult argument is expected to be declared immediately after the model attribute, the @RequestBody or the @RequestPart arguments to which they apply: public java.lang.String net.liuxuan.SprKi.controller.ErrorHandleController.handleError(java.util.Map,org.springframework.validation.Errors)
	at org.springframework.web.method.annotation.ErrorsMethodArgumentResolver.resolveArgument(ErrorsMethodArgumentResolver.java:64) ~[spring-web-4.2.4.RELEASE.jar:4.2.4.RELEASE]
	at org.springframework.web.method.support.HandlerMethodArgumentResolverComposite.resolveArgument(HandlerMethodArgumentResolverComposite.java:78) ~[spring-web-4.2.4.RELEASE.jar:4.2.4.RELEASE]
	at org.springframework.web.method.support.InvocableHandlerMethod.getMethodArgumentValues(InvocableHandlerMethod.java:162) ~[spring-web-4.2.4.RELEASE.jar:4.2.4.RELEASE]
	at org.springframework.web.method.support.InvocableHandlerMethod.invokeForRequest(InvocableHandlerMethod.java:129) ~[spring-web-4.2.4.RELEASE.jar:4.2.4.RELEASE]
	at org.springframework.web.servlet.mvc.method.annotation.ServletInvocableHandlerMethod.invokeAndHandle(ServletInvocableHandlerMethod.java:110) ~[spring-webmvc-4.2.4.RELEASE.jar:4.2.4.RELEASE]
	at org.springframework.web.servlet.mvc.method.annotation.RequestMappingHandlerAdapter.invokeHandlerMethod(RequestMappingHandlerAdapter.java:814) ~[spring-webmvc-4.2.4.RELEASE.jar:4.2.4.RELEASE]
	at org.springframework.web.servlet.mvc.method.annotation.RequestMappingHandlerAdapter.handleInternal(RequestMappingHandlerAdapter.java:737) ~[spring-webmvc-4.2.4.RELEASE.jar:4.2.4.RELEASE]
	at org.springframework.web.servlet.mvc.method.AbstractHandlerMethodAdapter.handle(AbstractHandlerMethodAdapter.java:85) ~[spring-webmvc-4.2.4.RELEASE.jar:4.2.4.RELEASE]
	at org.springframework.web.servlet.DispatcherServlet.doDispatch(DispatcherServlet.java:959) ~[spring-webmvc-4.2.4.RELEASE.jar:4.2.4.RELEASE]
	at org.springframework.web.servlet.DispatcherServlet.doService(DispatcherServlet.java:893) ~[spring-webmvc-4.2.4.RELEASE.jar:4.2.4.RELEASE]
	at org.springframework.web.servlet.FrameworkServlet.processRequest(FrameworkServlet.java:969) ~[spring-webmvc-4.2.4.RELEASE.jar:4.2.4.RELEASE]
	... 24 common frames omitted

2016-02-17 17:06:18.170 ERROR 142388 --- [http-nio-127.0.0.1-80-exec-4] o.a.c.c.C.[.[.[/].[dispatcherServlet]    :
                Servlet.service() for servlet dispatcherServlet threw exception

java.lang.IllegalStateException: An Errors/BindingResult argument is expected to be declared immediately after the model attribute, the @RequestBody or the @RequestPart arguments to which they apply: public java.lang.String net.liuxuan.SprKi.controller.ErrorHandleController.handleError(java.util.Map,org.springframework.validation.Errors)
	at org.springframework.web.method.annotation.ErrorsMethodArgumentResolver.resolveArgument(ErrorsMethodArgumentResolver.java:64) ~[spring-web-4.2.4.RELEASE.jar:4.2.4.RELEASE]
	at org.springframework.web.method.support.HandlerMethodArgumentResolverComposite.resolveArgument(HandlerMethodArgumentResolverComposite.java:78) ~[spring-web-4.2.4.RELEASE.jar:4.2.4.RELEASE]
	at org.springframework.web.method.support.InvocableHandlerMethod.getMethodArgumentValues(InvocableHandlerMethod.java:162) ~[spring-web-4.2.4.RELEASE.jar:4.2.4.RELEASE]
	at org.springframework.web.method.support.InvocableHandlerMethod.invokeForRequest(InvocableHandlerMethod.java:129) ~[spring-web-4.2.4.RELEASE.jar:4.2.4.RELEASE]
	at org.springframework.web.servlet.mvc.method.annotation.ServletInvocableHandlerMethod.invokeAndHandle(ServletInvocableHandlerMethod.java:110) ~[spring-webmvc-4.2.4.RELEASE.jar:4.2.4.RELEASE]
	at org.springframework.web.servlet.mvc.method.annotation.RequestMappingHandlerAdapter.invokeHandlerMethod(RequestMappingHandlerAdapter.java:814) ~[spring-webmvc-4.2.4.RELEASE.jar:4.2.4.RELEASE]
	at org.springframework.web.servlet.mvc.method.annotation.RequestMappingHandlerAdapter.handleInternal(RequestMappingHandlerAdapter.java:737) ~[spring-webmvc-4.2.4.RELEASE.jar:4.2.4.RELEASE]
	at org.springframework.web.servlet.mvc.method.AbstractHandlerMethodAdapter.handle(AbstractHandlerMethodAdapter.java:85) ~[spring-webmvc-4.2.4.RELEASE.jar:4.2.4.RELEASE]
	at org.springframework.web.servlet.DispatcherServlet.doDispatch(DispatcherServlet.java:959) ~[spring-webmvc-4.2.4.RELEASE.jar:4.2.4.RELEASE]
	at org.springframework.web.servlet.DispatcherServlet.doService(DispatcherServlet.java:893) ~[spring-webmvc-4.2.4.RELEASE.jar:4.2.4.RELEASE]
	at org.springframework.web.servlet.FrameworkServlet.processRequest(FrameworkServlet.java:969) ~[spring-webmvc-4.2.4.RELEASE.jar:4.2.4.RELEASE]
	at org.springframework.web.servlet.FrameworkServlet.doGet(FrameworkServlet.java:860) ~[spring-webmvc-4.2.4.RELEASE.jar:4.2.4.RELEASE]
	at javax.servlet.http.HttpServlet.service(HttpServlet.java:622) ~[tomcat-embed-core-8.0.30.jar:8.0.30]
	at org.springframework.web.servlet.FrameworkServlet.service(FrameworkServlet.java:845) ~[spring-webmvc-4.2.4.RELEASE.jar:4.2.4.RELEASE]
	at javax.servlet.http.HttpServlet.service(HttpServlet.java:729) ~[tomcat-embed-core-8.0.30.jar:8.0.30]
	at org.apache.catalina.core.ApplicationFilterChain.internalDoFilter(ApplicationFilterChain.java:291) ~[tomcat-embed-core-8.0.30.jar:8.0.30]
	at org.apache.catalina.core.ApplicationFilterChain.doFilter(ApplicationFilterChain.java:206) ~[tomcat-embed-core-8.0.30.jar:8.0.30]
	at org.apache.catalina.core.ApplicationDispatcher.invoke(ApplicationDispatcher.java:719) [tomcat-embed-core-8.0.30.jar:8.0.30]
	at org.apache.catalina.core.ApplicationDispatcher.processRequest(ApplicationDispatcher.java:467) [tomcat-embed-core-8.0.30.jar:8.0.30]
	at org.apache.catalina.core.ApplicationDispatcher.doForward(ApplicationDispatcher.java:390) [tomcat-embed-core-8.0.30.jar:8.0.30]
	at org.apache.catalina.core.ApplicationDispatcher.forward(ApplicationDispatcher.java:317) [tomcat-embed-core-8.0.30.jar:8.0.30]
	at org.apache.catalina.core.StandardHostValve.custom(StandardHostValve.java:445) [tomcat-embed-core-8.0.30.jar:8.0.30]
	at org.apache.catalina.core.StandardHostValve.status(StandardHostValve.java:304) [tomcat-embed-core-8.0.30.jar:8.0.30]
	at org.apache.catalina.core.StandardHostValve.invoke(StandardHostValve.java:181) [tomcat-embed-core-8.0.30.jar:8.0.30]
	at org.apache.catalina.valves.ErrorReportValve.invoke(ErrorReportValve.java:79) [tomcat-embed-core-8.0.30.jar:8.0.30]
	at org.apache.catalina.core.StandardEngineValve.invoke(StandardEngineValve.java:88) [tomcat-embed-core-8.0.30.jar:8.0.30]
	at org.apache.catalina.connector.CoyoteAdapter.service(CoyoteAdapter.java:521) [tomcat-embed-core-8.0.30.jar:8.0.30]
	at org.apache.coyote.http11.AbstractHttp11Processor.process(AbstractHttp11Processor.java:1096) [tomcat-embed-core-8.0.30.jar:8.0.30]
	at org.apache.coyote.AbstractProtocol$AbstractConnectionHandler.process(AbstractProtocol.java:674) [tomcat-embed-core-8.0.30.jar:8.0.30]
	at org.apache.tomcat.util.net.NioEndpoint$SocketProcessor.doRun(NioEndpoint.java:1500) [tomcat-embed-core-8.0.30.jar:8.0.30]
	at org.apache.tomcat.util.net.NioEndpoint$SocketProcessor.run(NioEndpoint.java:1456) [tomcat-embed-core-8.0.30.jar:8.0.30]
	at java.util.concurrent.ThreadPoolExecutor.runWorker(ThreadPoolExecutor.java:1142) [na:1.8.0_31]
	at java.util.concurrent.ThreadPoolExecutor$Worker.run(ThreadPoolExecutor.java:617) [na:1.8.0_31]
	at org.apache.tomcat.util.threads.TaskThread$WrappingRunnable.run(TaskThread.java:61) [tomcat-embed-core-8.0.30.jar:8.0.30]
	at java.lang.Thread.run(Thread.java:745) [na:1.8.0_31]

2016-02-17 17:06:18.179 ERROR 142388 --- [http-nio-127.0.0.1-80-exec-4] o.a.c.c.C.[Tomcat].[localhost]           :
                Exception Processing ErrorPage[errorCode=0, location=/error]

org.springframework.web.util.NestedServletException: Request processing failed; nested exception is java.lang.IllegalStateException: An Errors/BindingResult argument is expected to be declared immediately after the model attribute, the @RequestBody or the @RequestPart arguments to which they apply: public java.lang.String net.liuxuan.SprKi.controller.ErrorHandleController.handleError(java.util.Map,org.springframework.validation.Errors)
	at org.springframework.web.servlet.FrameworkServlet.processRequest(FrameworkServlet.java:981) ~[spring-webmvc-4.2.4.RELEASE.jar:4.2.4.RELEASE]
	at org.springframework.web.servlet.FrameworkServlet.doGet(FrameworkServlet.java:860) ~[spring-webmvc-4.2.4.RELEASE.jar:4.2.4.RELEASE]
	at javax.servlet.http.HttpServlet.service(HttpServlet.java:622) ~[tomcat-embed-core-8.0.30.jar:8.0.30]
	at org.springframework.web.servlet.FrameworkServlet.service(FrameworkServlet.java:845) ~[spring-webmvc-4.2.4.RELEASE.jar:4.2.4.RELEASE]
	at javax.servlet.http.HttpServlet.service(HttpServlet.java:729) ~[tomcat-embed-core-8.0.30.jar:8.0.30]
	at org.apache.catalina.core.ApplicationFilterChain.internalDoFilter(ApplicationFilterChain.java:291) ~[tomcat-embed-core-8.0.30.jar:8.0.30]
	at org.apache.catalina.core.ApplicationFilterChain.doFilter(ApplicationFilterChain.java:206) ~[tomcat-embed-core-8.0.30.jar:8.0.30]
	at org.apache.catalina.core.ApplicationDispatcher.invoke(ApplicationDispatcher.java:719) ~[tomcat-embed-core-8.0.30.jar:8.0.30]
	at org.apache.catalina.core.ApplicationDispatcher.processRequest(ApplicationDispatcher.java:467) ~[tomcat-embed-core-8.0.30.jar:8.0.30]
	at org.apache.catalina.core.ApplicationDispatcher.doForward(ApplicationDispatcher.java:390) ~[tomcat-embed-core-8.0.30.jar:8.0.30]
	at org.apache.catalina.core.ApplicationDispatcher.forward(ApplicationDispatcher.java:317) ~[tomcat-embed-core-8.0.30.jar:8.0.30]
	at org.apache.catalina.core.StandardHostValve.custom(StandardHostValve.java:445) [tomcat-embed-core-8.0.30.jar:8.0.30]
	at org.apache.catalina.core.StandardHostValve.status(StandardHostValve.java:304) [tomcat-embed-core-8.0.30.jar:8.0.30]
	at org.apache.catalina.core.StandardHostValve.invoke(StandardHostValve.java:181) [tomcat-embed-core-8.0.30.jar:8.0.30]
	at org.apache.catalina.valves.ErrorReportValve.invoke(ErrorReportValve.java:79) [tomcat-embed-core-8.0.30.jar:8.0.30]
	at org.apache.catalina.core.StandardEngineValve.invoke(StandardEngineValve.java:88) [tomcat-embed-core-8.0.30.jar:8.0.30]
	at org.apache.catalina.connector.CoyoteAdapter.service(CoyoteAdapter.java:521) [tomcat-embed-core-8.0.30.jar:8.0.30]
	at org.apache.coyote.http11.AbstractHttp11Processor.process(AbstractHttp11Processor.java:1096) [tomcat-embed-core-8.0.30.jar:8.0.30]
	at org.apache.coyote.AbstractProtocol$AbstractConnectionHandler.process(AbstractProtocol.java:674) [tomcat-embed-core-8.0.30.jar:8.0.30]
	at org.apache.tomcat.util.net.NioEndpoint$SocketProcessor.doRun(NioEndpoint.java:1500) [tomcat-embed-core-8.0.30.jar:8.0.30]
	at org.apache.tomcat.util.net.NioEndpoint$SocketProcessor.run(NioEndpoint.java:1456) [tomcat-embed-core-8.0.30.jar:8.0.30]
	at java.util.concurrent.ThreadPoolExecutor.runWorker(ThreadPoolExecutor.java:1142) [na:1.8.0_31]
	at java.util.concurrent.ThreadPoolExecutor$Worker.run(ThreadPoolExecutor.java:617) [na:1.8.0_31]
	at org.apache.tomcat.util.threads.TaskThread$WrappingRunnable.run(TaskThread.java:61) [tomcat-embed-core-8.0.30.jar:8.0.30]
	at java.lang.Thread.run(Thread.java:745) [na:1.8.0_31]
Caused by: java.lang.IllegalStateException: An Errors/BindingResult argument is expected to be declared immediately after the model attribute, the @RequestBody or the @RequestPart arguments to which they apply: public java.lang.String net.liuxuan.SprKi.controller.ErrorHandleController.handleError(java.util.Map,org.springframework.validation.Errors)
	at org.springframework.web.method.annotation.ErrorsMethodArgumentResolver.resolveArgument(ErrorsMethodArgumentResolver.java:64) ~[spring-web-4.2.4.RELEASE.jar:4.2.4.RELEASE]
	at org.springframework.web.method.support.HandlerMethodArgumentResolverComposite.resolveArgument(HandlerMethodArgumentResolverComposite.java:78) ~[spring-web-4.2.4.RELEASE.jar:4.2.4.RELEASE]
	at org.springframework.web.method.support.InvocableHandlerMethod.getMethodArgumentValues(InvocableHandlerMethod.java:162) ~[spring-web-4.2.4.RELEASE.jar:4.2.4.RELEASE]
	at org.springframework.web.method.support.InvocableHandlerMethod.invokeForRequest(InvocableHandlerMethod.java:129) ~[spring-web-4.2.4.RELEASE.jar:4.2.4.RELEASE]
	at org.springframework.web.servlet.mvc.method.annotation.ServletInvocableHandlerMethod.invokeAndHandle(ServletInvocableHandlerMethod.java:110) ~[spring-webmvc-4.2.4.RELEASE.jar:4.2.4.RELEASE]
	at org.springframework.web.servlet.mvc.method.annotation.RequestMappingHandlerAdapter.invokeHandlerMethod(RequestMappingHandlerAdapter.java:814) ~[spring-webmvc-4.2.4.RELEASE.jar:4.2.4.RELEASE]
	at org.springframework.web.servlet.mvc.method.annotation.RequestMappingHandlerAdapter.handleInternal(RequestMappingHandlerAdapter.java:737) ~[spring-webmvc-4.2.4.RELEASE.jar:4.2.4.RELEASE]
	at org.springframework.web.servlet.mvc.method.AbstractHandlerMethodAdapter.handle(AbstractHandlerMethodAdapter.java:85) ~[spring-webmvc-4.2.4.RELEASE.jar:4.2.4.RELEASE]
	at org.springframework.web.servlet.DispatcherServlet.doDispatch(DispatcherServlet.java:959) ~[spring-webmvc-4.2.4.RELEASE.jar:4.2.4.RELEASE]
	at org.springframework.web.servlet.DispatcherServlet.doService(DispatcherServlet.java:893) ~[spring-webmvc-4.2.4.RELEASE.jar:4.2.4.RELEASE]
	at org.springframework.web.servlet.FrameworkServlet.processRequest(FrameworkServlet.java:969) ~[spring-webmvc-4.2.4.RELEASE.jar:4.2.4.RELEASE]
	... 24 common frames omitted

